
bb_init()
    conn:
    proto_major = 7
    proto_minor = 23
    async_read = 1
    max_write = 131072
    max_readahead = 131072
    capable = 00000ffb
    want = 00000010
    max_background = 0
    congestion_threshold = 0
    context:
    fuse = 009b2520
    uid = 0
    gid = 0
    pid = 0
    private_data = 009b1010
    logfile = 009b2040
    rootdir = /home/suyash/fuse-tutorial-2016-03-25/example/rootdir
    umask = 00000

bb_access(path="/", mask=04)
    bb_fullpath:  rootdir = "/home/suyash/fuse-tutorial-2016-03-25/example/rootdir", path = "/", fpath = "/home/suyash/fuse-tutorial-2016-03-25/example/rootdir/"

bb_opendir(path="/", fi=0x43ffec80)
    bb_fullpath:  rootdir = "/home/suyash/fuse-tutorial-2016-03-25/example/rootdir", path = "/", fpath = "/home/suyash/fuse-tutorial-2016-03-25/example/rootdir/"
    opendir returned 0x0x7fbc3c000c80
    fi:
    flags = 0x00018800
    fh_old = 0x00000000
    writepage = 0
    direct_io = 0
    keep_cache = 0
    fh = 0x00007fbc3c000c80
    lock_owner = 0x0000000000000000

bb_getattr(path="/.xdg-volume-info", statbuf=0x437fdc90)
    bb_fullpath:  rootdir = "/home/suyash/fuse-tutorial-2016-03-25/example/rootdir", path = "/.xdg-volume-info", fpath = "/home/suyash/fuse-tutorial-2016-03-25/example/rootdir/.xdg-volume-info"
    lstat returned -1
    ERROR lstat: No such file or directory
    si:
    st_dev = 0
    st_ino = 0
    st_mode = 00
    st_nlink = 0
    st_uid = 0
    st_gid = 0
    st_rdev = 0
    st_size = 0
    st_blksize = 0
    st_blocks = 0
    st_atime = 0x00000000
    st_mtime = 0x00000000
    st_ctime = 0x00000000

bb_getattr(path="/", statbuf=0x42ffcc60)
    bb_fullpath:  rootdir = "/home/suyash/fuse-tutorial-2016-03-25/example/rootdir", path = "/", fpath = "/home/suyash/fuse-tutorial-2016-03-25/example/rootdir/"
    lstat returned 0
    si:
    st_dev = 2050
    st_ino = 20185161
    st_mode = 040775
    st_nlink = 2
    st_uid = 1000
    st_gid = 1000
    st_rdev = 0
    st_size = 508400
    st_blksize = 4096
    st_blocks = 16
    st_atime = 0x580cfcac
    st_mtime = 0x580cfca3
    st_ctime = 0x580cfca3

bb_getattr(path="/autorun.inf", statbuf=0x43ffec90)
    bb_fullpath:  rootdir = "/home/suyash/fuse-tutorial-2016-03-25/example/rootdir", path = "/autorun.inf", fpath = "/home/suyash/fuse-tutorial-2016-03-25/example/rootdir/autorun.inf"
    lstat returned -1
    ERROR lstat: No such file or directory
    si:
    st_dev = 0
    st_ino = 0
    st_mode = 00
    st_nlink = 0
    st_uid = 0
    st_gid = 0
    st_rdev = 0
    st_size = 0
    st_blksize = 0
    st_blocks = 0
    st_atime = 0x00000000
    st_mtime = 0x00000000
    st_ctime = 0x00000000

bb_getattr(path="/.Trash", statbuf=0x48edcc90)
    bb_fullpath:  rootdir = "/home/suyash/fuse-tutorial-2016-03-25/example/rootdir", path = "/.Trash", fpath = "/home/suyash/fuse-tutorial-2016-03-25/example/rootdir/.Trash"
    lstat returned -1
    ERROR lstat: No such file or directory
    si:
    st_dev = 0
    st_ino = 0
    st_mode = 00
    st_nlink = 0
    st_uid = 0
    st_gid = 0
    st_rdev = 0
    st_size = 0
    st_blksize = 0
    st_blocks = 0
    st_atime = 0x00000000
    st_mtime = 0x00000000
    st_ctime = 0x00000000

bb_getattr(path="/.Trash-1000", statbuf=0x437fdc90)
    bb_fullpath:  rootdir = "/home/suyash/fuse-tutorial-2016-03-25/example/rootdir", path = "/.Trash-1000", fpath = "/home/suyash/fuse-tutorial-2016-03-25/example/rootdir/.Trash-1000"
    lstat returned -1
    ERROR lstat: No such file or directory
    si:
    st_dev = 0
    st_ino = 0
    st_mode = 00
    st_nlink = 0
    st_uid = 0
    st_gid = 0
    st_rdev = 0
    st_size = 0
    st_blksize = 0
    st_blocks = 0
    st_atime = 0x00000000
    st_mtime = 0x00000000
    st_ctime = 0x00000000

bb_readdir(path="/", buf=0x3c000af0, filler=0x496cfce0, offset=0, fi=0x42ffcc80)
    readdir returned 0x0x7fbc3c000cb0
calling filler with name qmaster02.txt
calling filler with name rmaster02.txt
calling filler with name ..
calling filler with name pmaster02.txt
calling filler with name .
    fi:
    flags = 0x00000000
    fh_old = 0x7fbc3c000c80
    writepage = 0
    direct_io = 0
    keep_cache = 0
    fh = 0x00007fbc3c000c80
    lock_owner = 0x0000000000000000

bb_getattr(path="/qmaster02.txt", statbuf=0x48edcc90)
    bb_fullpath:  rootdir = "/home/suyash/fuse-tutorial-2016-03-25/example/rootdir", path = "/qmaster02.txt", fpath = "/home/suyash/fuse-tutorial-2016-03-25/example/rootdir/qmaster02.txt"
    lstat returned 0
    si:
    st_dev = 2050
    st_ino = 20185176
    st_mode = 0100664
    st_nlink = 1
    st_uid = 1000
    st_gid = 1000
    st_rdev = 0
    st_size = 8192
    st_blksize = 4096
    st_blocks = 16
    st_atime = 0x580cfca5
    st_mtime = 0x580cc592
    st_ctime = 0x580cfca3

bb_getattr(path="/rmaster02.txt", statbuf=0x437fdc90)
    bb_fullpath:  rootdir = "/home/suyash/fuse-tutorial-2016-03-25/example/rootdir", path = "/rmaster02.txt", fpath = "/home/suyash/fuse-tutorial-2016-03-25/example/rootdir/rmaster02.txt"
    lstat returned 0
    si:
    st_dev = 2050
    st_ino = 20185177
    st_mode = 0100664
    st_nlink = 1
    st_uid = 1000
    st_gid = 1000
    st_rdev = 0
    st_size = 16384
    st_blksize = 4096
    st_blocks = 16
    st_atime = 0x580cfcaa
    st_mtime = 0x580cd32e
    st_ctime = 0x580cfca3

bb_getattr(path="/pmaster02.txt", statbuf=0x42ffcc90)
    bb_fullpath:  rootdir = "/home/suyash/fuse-tutorial-2016-03-25/example/rootdir", path = "/pmaster02.txt", fpath = "/home/suyash/fuse-tutorial-2016-03-25/example/rootdir/pmaster02.txt"
    lstat returned 0
    si:
    st_dev = 2050
    st_ino = 20185162
    st_mode = 0100664
    st_nlink = 1
    st_uid = 1000
    st_gid = 1000
    st_rdev = 0
    st_size = 4096
    st_blksize = 4096
    st_blocks = 16
    st_atime = 0x580cfca8
    st_mtime = 0x580c55c5
    st_ctime = 0x580cfca3

bb_releasedir(path="/", fi=0x48edcc90)
    fi:
    flags = 0x00000000
    fh_old = 0x7fbc3c000c80
    writepage = 0
    direct_io = 0
    keep_cache = 0
    fh = 0x00007fbc3c000c80
    lock_owner = 0x0000000000000000

bb_opendir(path="/", fi=0x437fdc80)
    bb_fullpath:  rootdir = "/home/suyash/fuse-tutorial-2016-03-25/example/rootdir", path = "/", fpath = "/home/suyash/fuse-tutorial-2016-03-25/example/rootdir/"
    opendir returned 0x0x7fbc34000c80
    fi:
    flags = 0x00018800
    fh_old = 0x00000000
    writepage = 0
    direct_io = 0
    keep_cache = 0
    fh = 0x00007fbc34000c80
    lock_owner = 0x0000000000000000

bb_getattr(path="/", statbuf=0x42ffcc60)
    bb_fullpath:  rootdir = "/home/suyash/fuse-tutorial-2016-03-25/example/rootdir", path = "/", fpath = "/home/suyash/fuse-tutorial-2016-03-25/example/rootdir/"
    lstat returned 0
    si:
    st_dev = 2050
    st_ino = 20185161
    st_mode = 040775
    st_nlink = 2
    st_uid = 1000
    st_gid = 1000
    st_rdev = 0
    st_size = 508400
    st_blksize = 4096
    st_blocks = 16
    st_atime = 0x580cfcac
    st_mtime = 0x580cfca3
    st_ctime = 0x580cfca3

bb_readdir(path="/", buf=0x34000af0, filler=0x496cfce0, offset=0, fi=0x43ffec80)
    readdir returned 0x0x7fbc34000cb0
calling filler with name qmaster02.txt
calling filler with name rmaster02.txt
calling filler with name ..
calling filler with name pmaster02.txt
calling filler with name .
    fi:
    flags = 0x00000000
    fh_old = 0x7fbc34000c80
    writepage = 0
    direct_io = 0
    keep_cache = 0
    fh = 0x00007fbc34000c80
    lock_owner = 0x0000000000000000

bb_releasedir(path="/", fi=0x42ffcc90)
    fi:
    flags = 0x00000000
    fh_old = 0x7fbc34000c80
    writepage = 0
    direct_io = 0
    keep_cache = 0
    fh = 0x00007fbc34000c80
    lock_owner = 0x0000000000000000

bb_opendir(path="/", fi=0x43ffec80)
    bb_fullpath:  rootdir = "/home/suyash/fuse-tutorial-2016-03-25/example/rootdir", path = "/", fpath = "/home/suyash/fuse-tutorial-2016-03-25/example/rootdir/"
    opendir returned 0x0x7fbc3c000c80
    fi:
    flags = 0x00018800
    fh_old = 0x00000000
    writepage = 0
    direct_io = 0
    keep_cache = 0
    fh = 0x00007fbc3c000c80
    lock_owner = 0x0000000000000000

bb_getattr(path="/", statbuf=0x48edcc60)
    bb_fullpath:  rootdir = "/home/suyash/fuse-tutorial-2016-03-25/example/rootdir", path = "/", fpath = "/home/suyash/fuse-tutorial-2016-03-25/example/rootdir/"
    lstat returned 0
    si:
    st_dev = 2050
    st_ino = 20185161
    st_mode = 040775
    st_nlink = 2
    st_uid = 1000
    st_gid = 1000
    st_rdev = 0
    st_size = 508400
    st_blksize = 4096
    st_blocks = 16
    st_atime = 0x580cfcac
    st_mtime = 0x580cfca3
    st_ctime = 0x580cfca3

bb_readdir(path="/", buf=0x3c000af0, filler=0x496cfce0, offset=0, fi=0x437fdc80)
    readdir returned 0x0x7fbc3c000cb0
calling filler with name qmaster02.txt
calling filler with name rmaster02.txt
calling filler with name ..
calling filler with name pmaster02.txt
calling filler with name .
    fi:
    flags = 0x00000000
    fh_old = 0x7fbc3c000c80
    writepage = 0
    direct_io = 0
    keep_cache = 0
    fh = 0x00007fbc3c000c80
    lock_owner = 0x0000000000000000

bb_releasedir(path="/", fi=0x48edcc90)
    fi:
    flags = 0x00000000

bb_opendir(path="/", fi=0x437fdc80)
    bb_fullpath:  rootdir = "/home/suyash/fuse-tutorial-2016-03-25/example/rootdir", path = "/", fpath = "/home/suyash/fuse-tutorial-2016-03-25/example/rootdir/"
    fh_old = 0x7fbc3c000c80
    opendir returned 0x0x7fbc34001090
    fi:
    flags = 0x00018800
    fh_old = 0x00000000
    writepage = 0
    direct_io = 0
    keep_cache = 0
    fh = 0x00007fbc34001090
    lock_owner = 0x0000000000000000
    writepage = 0
    direct_io = 0
    keep_cache = 0
    fh = 0x00007fbc3c000c80

bb_getattr(path="/", statbuf=0x42ffcc60)
    bb_fullpath:  rootdir = "/home/suyash/fuse-tutorial-2016-03-25/example/rootdir", path = "/", fpath = "/home/suyash/fuse-tutorial-2016-03-25/example/rootdir/"
    lstat returned 0
    si:
    st_dev = 2050
    st_ino = 20185161
    st_mode = 040775
    st_nlink = 2
    st_uid = 1000
    st_gid = 1000
    st_rdev = 0
    st_size = 508400
    st_blksize = 4096
    st_blocks = 16
    st_atime = 0x580cfcac
    st_mtime = 0x580cfca3
    st_ctime = 0x580cfca3
    lock_owner = 0x0000000000000000

bb_readdir(path="/", buf=0x34000af0, filler=0x496cfce0, offset=0, fi=0x43ffec80)
    readdir returned 0x0x7fbc340010c0
calling filler with name qmaster02.txt
calling filler with name rmaster02.txt
calling filler with name ..
calling filler with name pmaster02.txt
calling filler with name .
    fi:
    flags = 0x00000000
    fh_old = 0x7fbc34001090
    writepage = 0
    direct_io = 0
    keep_cache = 0
    fh = 0x00007fbc34001090
    lock_owner = 0x0000000000000000

bb_releasedir(path="/", fi=0x48edcc90)
    fi:
    flags = 0x00000000
    fh_old = 0x7fbc34001090
    writepage = 0
    direct_io = 0

bb_opendir(path="/", fi=0x43ffec80)
    bb_fullpath:  rootdir = "/home/suyash/fuse-tutorial-2016-03-25/example/rootdir", path = "/", fpath = "/home/suyash/fuse-tutorial-2016-03-25/example/rootdir/"
    keep_cache = 0
    fh = 0x00007fbc34001090
    lock_owner = 0x0000000000000000
    opendir returned 0x0x7fbc3c001090
    fi:
    flags = 0x00018800
    fh_old = 0x00000000
    writepage = 0
    direct_io = 0
    keep_cache = 0
    fh = 0x00007fbc3c001090
    lock_owner = 0x0000000000000000

bb_getattr(path="/", statbuf=0x437fdc60)
    bb_fullpath:  rootdir = "/home/suyash/fuse-tutorial-2016-03-25/example/rootdir", path = "/", fpath = "/home/suyash/fuse-tutorial-2016-03-25/example/rootdir/"
    lstat returned 0
    si:
    st_dev = 2050
    st_ino = 20185161
    st_mode = 040775
    st_nlink = 2
    st_uid = 1000
    st_gid = 1000
    st_rdev = 0
    st_size = 508400
    st_blksize = 4096
    st_blocks = 16
    st_atime = 0x580cfcac
    st_mtime = 0x580cfca3
    st_ctime = 0x580cfca3

bb_readdir(path="/", buf=0x3c000af0, filler=0x496cfce0, offset=0, fi=0x42ffcc80)
    readdir returned 0x0x7fbc3c0010c0
calling filler with name qmaster02.txt
calling filler with name rmaster02.txt
calling filler with name ..
calling filler with name pmaster02.txt
calling filler with name .
    fi:
    flags = 0x00000000
    fh_old = 0x7fbc3c001090
    writepage = 0
    direct_io = 0
    keep_cache = 0
    fh = 0x00007fbc3c001090
    lock_owner = 0x0000000000000000

bb_releasedir(path="/", fi=0x437fdc90)
    fi:
    flags = 0x00000000
    fh_old = 0x7fbc3c001090
    writepage = 0
    direct_io = 0
    keep_cache = 0
    fh = 0x00007fbc3c001090
    lock_owner = 0x0000000000000000

bb_opendir(path="/", fi=0x42ffcc80)
    bb_fullpath:  rootdir = "/home/suyash/fuse-tutorial-2016-03-25/example/rootdir", path = "/", fpath = "/home/suyash/fuse-tutorial-2016-03-25/example/rootdir/"
    opendir returned 0x0x7fbc38000fc0
    fi:
    flags = 0x00018800
    fh_old = 0x00000000
    writepage = 0
    direct_io = 0
    keep_cache = 0
    fh = 0x00007fbc38000fc0
    lock_owner = 0x0000000000000000

bb_getattr(path="/", statbuf=0x48edcc60)
    bb_fullpath:  rootdir = "/home/suyash/fuse-tutorial-2016-03-25/example/rootdir", path = "/", fpath = "/home/suyash/fuse-tutorial-2016-03-25/example/rootdir/"
    lstat returned 0
    si:
    st_dev = 2050
    st_ino = 20185161
    st_mode = 040775
    st_nlink = 2
    st_uid = 1000
    st_gid = 1000
    st_rdev = 0
    st_size = 508400
    st_blksize = 4096
    st_blocks = 16
    st_atime = 0x580cfcac
    st_mtime = 0x580cfca3
    st_ctime = 0x580cfca3

bb_readdir(path="/", buf=0x38000990, filler=0x496cfce0, offset=0, fi=0x43ffec80)
    readdir returned 0x0x7fbc38000ff0
calling filler with name qmaster02.txt
calling filler with name rmaster02.txt
calling filler with name ..
calling filler with name pmaster02.txt
calling filler with name .
    fi:
    flags = 0x00000000
    fh_old = 0x7fbc38000fc0
    writepage = 0
    direct_io = 0
    keep_cache = 0
    fh = 0x00007fbc38000fc0
    lock_owner = 0x0000000000000000

bb_releasedir(path="/", fi=0x48edcc90)
    fi:
    flags = 0x00000000
    fh_old = 0x7fbc38000fc0
    writepage = 0
    direct_io = 0
    keep_cache = 0
    fh = 0x00007fbc38000fc0
    lock_owner = 0x0000000000000000

bb_opendir(path="/", fi=0x43ffec80)
    bb_fullpath:  rootdir = "/home/suyash/fuse-tutorial-2016-03-25/example/rootdir", path = "/", fpath = "/home/suyash/fuse-tutorial-2016-03-25/example/rootdir/"
    opendir returned 0x0x7fbc3c000c80
    fi:
    flags = 0x00018800
    fh_old = 0x00000000
    writepage = 0
    direct_io = 0
    keep_cache = 0
    fh = 0x00007fbc3c000c80
    lock_owner = 0x0000000000000000

bb_getattr(path="/", statbuf=0x437fdc60)
    bb_fullpath:  rootdir = "/home/suyash/fuse-tutorial-2016-03-25/example/rootdir", path = "/", fpath = "/home/suyash/fuse-tutorial-2016-03-25/example/rootdir/"
    lstat returned 0
    si:
    st_dev = 2050
    st_ino = 20185161
    st_mode = 040775
    st_nlink = 2
    st_uid = 1000
    st_gid = 1000
    st_rdev = 0
    st_size = 508400
    st_blksize = 4096
    st_blocks = 16
    st_atime = 0x580cfcac
    st_mtime = 0x580cfca3
    st_ctime = 0x580cfca3

bb_readdir(path="/", buf=0x3c000af0, filler=0x496cfce0, offset=0, fi=0x42ffcc80)
    readdir returned 0x0x7fbc3c000cb0
calling filler with name qmaster02.txt
calling filler with name rmaster02.txt
calling filler with name ..
calling filler with name pmaster02.txt
calling filler with name .
    fi:
    flags = 0x00000000
    fh_old = 0x7fbc3c000c80
    writepage = 0
    direct_io = 0
    keep_cache = 0
    fh = 0x00007fbc3c000c80
    lock_owner = 0x0000000000000000

bb_releasedir(path="/", fi=0x437fdc90)
    fi:
    flags = 0x00000000
    fh_old = 0x7fbc3c000c80
    writepage = 0
    direct_io = 0
    keep_cache = 0
    fh = 0x00007fbc3c000c80
    lock_owner = 0x0000000000000000

bb_opendir(path="/", fi=0x42ffcc80)
    bb_fullpath:  rootdir = "/home/suyash/fuse-tutorial-2016-03-25/example/rootdir", path = "/", fpath = "/home/suyash/fuse-tutorial-2016-03-25/example/rootdir/"
    opendir returned 0x0x7fbc38000b20
    fi:
    flags = 0x00018800
    fh_old = 0x00000000
    writepage = 0
    direct_io = 0
    keep_cache = 0
    fh = 0x00007fbc38000b20
    lock_owner = 0x0000000000000000

bb_getattr(path="/", statbuf=0x48edcc60)
    bb_fullpath:  rootdir = "/home/suyash/fuse-tutorial-2016-03-25/example/rootdir", path = "/", fpath = "/home/suyash/fuse-tutorial-2016-03-25/example/rootdir/"
    lstat returned 0
    si:
    st_dev = 2050
    st_ino = 20185161
    st_mode = 040775
    st_nlink = 2
    st_uid = 1000
    st_gid = 1000
    st_rdev = 0
    st_size = 508400
    st_blksize = 4096
    st_blocks = 16
    st_atime = 0x580cfcac
    st_mtime = 0x580cfca3
    st_ctime = 0x580cfca3

bb_readdir(path="/", buf=0x38000990, filler=0x496cfce0, offset=0, fi=0x43ffec80)
    readdir returned 0x0x7fbc38000b50
calling filler with name qmaster02.txt
calling filler with name rmaster02.txt
calling filler with name ..
calling filler with name pmaster02.txt
calling filler with name .
    fi:
    flags = 0x00000000
    fh_old = 0x7fbc38000b20
    writepage = 0
    direct_io = 0
    keep_cache = 0
    fh = 0x00007fbc38000b20
    lock_owner = 0x0000000000000000

bb_releasedir(path="/", fi=0x48edcc90)
    fi:
    flags = 0x00000000
    fh_old = 0x7fbc38000b20
    writepage = 0
    direct_io = 0
    keep_cache = 0
    fh = 0x00007fbc38000b20
    lock_owner = 0x0000000000000000

bb_opendir(path="/", fi=0x43ffec80)
    bb_fullpath:  rootdir = "/home/suyash/fuse-tutorial-2016-03-25/example/rootdir", path = "/", fpath = "/home/suyash/fuse-tutorial-2016-03-25/example/rootdir/"
    opendir returned 0x0x7fbc3c000c80
    fi:
    flags = 0x00018800
    fh_old = 0x00000000
    writepage = 0
    direct_io = 0
    keep_cache = 0
    fh = 0x00007fbc3c000c80
    lock_owner = 0x0000000000000000

bb_getattr(path="/", statbuf=0x437fdc60)
    bb_fullpath:  rootdir = "/home/suyash/fuse-tutorial-2016-03-25/example/rootdir", path = "/", fpath = "/home/suyash/fuse-tutorial-2016-03-25/example/rootdir/"
    lstat returned 0
    si:
    st_dev = 2050
    st_ino = 20185161
    st_mode = 040775
    st_nlink = 2
    st_uid = 1000
    st_gid = 1000
    st_rdev = 0
    st_size = 508400
    st_blksize = 4096
    st_blocks = 16
    st_atime = 0x580cfcac
    st_mtime = 0x580cfca3
    st_ctime = 0x580cfca3

bb_readdir(path="/", buf=0x3c000af0, filler=0x496cfce0, offset=0, fi=0x42ffcc80)
    readdir returned 0x0x7fbc3c000cb0
calling filler with name qmaster02.txt
calling filler with name rmaster02.txt
calling filler with name ..
calling filler with name pmaster02.txt
calling filler with name .
    fi:
    flags = 0x00000000
    fh_old = 0x7fbc3c000c80
    writepage = 0
    direct_io = 0
    keep_cache = 0
    fh = 0x00007fbc3c000c80
    lock_owner = 0x0000000000000000

bb_releasedir(path="/", fi=0x437fdc90)
    fi:
    flags = 0x00000000
    fh_old = 0x7fbc3c000c80
    writepage = 0
    direct_io = 0
    keep_cache = 0
    fh = 0x00007fbc3c000c80
    lock_owner = 0x0000000000000000

bb_opendir(path="/", fi=0x42ffcc80)
    bb_fullpath:  rootdir = "/home/suyash/fuse-tutorial-2016-03-25/example/rootdir", path = "/", fpath = "/home/suyash/fuse-tutorial-2016-03-25/example/rootdir/"
    opendir returned 0x0x7fbc38000b20
    fi:
    flags = 0x00018800
    fh_old = 0x00000000
    writepage = 0
    direct_io = 0
    keep_cache = 0
    fh = 0x00007fbc38000b20
    lock_owner = 0x0000000000000000

bb_getattr(path="/", statbuf=0x48edcc60)
    bb_fullpath:  rootdir = "/home/suyash/fuse-tutorial-2016-03-25/example/rootdir", path = "/", fpath = "/home/suyash/fuse-tutorial-2016-03-25/example/rootdir/"
    lstat returned 0
    si:
    st_dev = 2050
    st_ino = 20185161
    st_mode = 040775
    st_nlink = 2
    st_uid = 1000
    st_gid = 1000
    st_rdev = 0
    st_size = 508400
    st_blksize = 4096
    st_blocks = 16
    st_atime = 0x580cfcac
    st_mtime = 0x580cfca3
    st_ctime = 0x580cfca3

bb_readdir(path="/", buf=0x38000990, filler=0x496cfce0, offset=0, fi=0x43ffec80)
    readdir returned 0x0x7fbc38000b50
calling filler with name qmaster02.txt
calling filler with name rmaster02.txt
calling filler with name ..
calling filler with name pmaster02.txt
calling filler with name .
    fi:
    flags = 0x00000000
    fh_old = 0x7fbc38000b20
    writepage = 0
    direct_io = 0
    keep_cache = 0
    fh = 0x00007fbc38000b20
    lock_owner = 0x0000000000000000

bb_releasedir(path="/", fi=0x48edcc90)
    fi:
    flags = 0x00000000
    fh_old = 0x7fbc38000b20
    writepage = 0
    direct_io = 0
    keep_cache = 0
    fh = 0x00007fbc38000b20
    lock_owner = 0x0000000000000000

bb_opendir(path="/", fi=0x43ffec80)
    bb_fullpath:  rootdir = "/home/suyash/fuse-tutorial-2016-03-25/example/rootdir", path = "/", fpath = "/home/suyash/fuse-tutorial-2016-03-25/example/rootdir/"
    opendir returned 0x0x7fbc3c000c80
    fi:
    flags = 0x00018800
    fh_old = 0x00000000
    writepage = 0
    direct_io = 0
    keep_cache = 0
    fh = 0x00007fbc3c000c80
    lock_owner = 0x0000000000000000

bb_getattr(path="/", statbuf=0x437fdc60)
    bb_fullpath:  rootdir = "/home/suyash/fuse-tutorial-2016-03-25/example/rootdir", path = "/", fpath = "/home/suyash/fuse-tutorial-2016-03-25/example/rootdir/"
    lstat returned 0
    si:
    st_dev = 2050
    st_ino = 20185161
    st_mode = 040775
    st_nlink = 2
    st_uid = 1000
    st_gid = 1000
    st_rdev = 0
    st_size = 508400
    st_blksize = 4096
    st_blocks = 16
    st_atime = 0x580cfcac
    st_mtime = 0x580cfca3
    st_ctime = 0x580cfca3

bb_readdir(path="/", buf=0x3c000af0, filler=0x496cfce0, offset=0, fi=0x42ffcc80)
    readdir returned 0x0x7fbc3c000cb0
calling filler with name qmaster02.txt
calling filler with name rmaster02.txt
calling filler with name ..
calling filler with name pmaster02.txt
calling filler with name .
    fi:
    flags = 0x00000000
    fh_old = 0x7fbc3c000c80
    writepage = 0
    direct_io = 0
    keep_cache = 0
    fh = 0x00007fbc3c000c80
    lock_owner = 0x0000000000000000

bb_releasedir(path="/", fi=0x437fdc90)
    fi:
    flags = 0x00000000
    fh_old = 0x7fbc3c000c80
    writepage = 0
    direct_io = 0
    keep_cache = 0
    fh = 0x00007fbc3c000c80
    lock_owner = 0x0000000000000000

bb_opendir(path="/", fi=0x42ffcc80)
    bb_fullpath:  rootdir = "/home/suyash/fuse-tutorial-2016-03-25/example/rootdir", path = "/", fpath = "/home/suyash/fuse-tutorial-2016-03-25/example/rootdir/"
    opendir returned 0x0x7fbc38000b20
    fi:
    flags = 0x00018800
    fh_old = 0x00000000
    writepage = 0
    direct_io = 0
    keep_cache = 0
    fh = 0x00007fbc38000b20
    lock_owner = 0x0000000000000000

bb_getattr(path="/", statbuf=0x48edcc60)
    bb_fullpath:  rootdir = "/home/suyash/fuse-tutorial-2016-03-25/example/rootdir", path = "/", fpath = "/home/suyash/fuse-tutorial-2016-03-25/example/rootdir/"
    lstat returned 0
    si:
    st_dev = 2050
    st_ino = 20185161
    st_mode = 040775
    st_nlink = 2
    st_uid = 1000
    st_gid = 1000
    st_rdev = 0
    st_size = 508400
    st_blksize = 4096
    st_blocks = 16
    st_atime = 0x580cfcac
    st_mtime = 0x580cfca3
    st_ctime = 0x580cfca3

bb_readdir(path="/", buf=0x38000990, filler=0x496cfce0, offset=0, fi=0x43ffec80)
    readdir returned 0x0x7fbc38000b50
calling filler with name qmaster02.txt
calling filler with name rmaster02.txt
calling filler with name ..
calling filler with name pmaster02.txt
calling filler with name .
    fi:
    flags = 0x00000000
    fh_old = 0x7fbc38000b20
    writepage = 0
    direct_io = 0
    keep_cache = 0
    fh = 0x00007fbc38000b20
    lock_owner = 0x0000000000000000

bb_releasedir(path="/", fi=0x48edcc90)
    fi:
    flags = 0x00000000
    fh_old = 0x7fbc38000b20
    writepage = 0
    direct_io = 0
    keep_cache = 0
    fh = 0x00007fbc38000b20
    lock_owner = 0x0000000000000000

bb_opendir(path="/", fi=0x43ffec80)
    bb_fullpath:  rootdir = "/home/suyash/fuse-tutorial-2016-03-25/example/rootdir", path = "/", fpath = "/home/suyash/fuse-tutorial-2016-03-25/example/rootdir/"
    opendir returned 0x0x7fbc3c000c80
    fi:
    flags = 0x00018800
    fh_old = 0x00000000
    writepage = 0
    direct_io = 0
    keep_cache = 0
    fh = 0x00007fbc3c000c80
    lock_owner = 0x0000000000000000

bb_getattr(path="/", statbuf=0x437fdc60)
    bb_fullpath:  rootdir = "/home/suyash/fuse-tutorial-2016-03-25/example/rootdir", path = "/", fpath = "/home/suyash/fuse-tutorial-2016-03-25/example/rootdir/"
    lstat returned 0
    si:
    st_dev = 2050
    st_ino = 20185161
    st_mode = 040775
    st_nlink = 2
    st_uid = 1000
    st_gid = 1000
    st_rdev = 0
    st_size = 508400
    st_blksize = 4096
    st_blocks = 16
    st_atime = 0x580cfcac
    st_mtime = 0x580cfca3
    st_ctime = 0x580cfca3

bb_readdir(path="/", buf=0x3c000af0, filler=0x496cfce0, offset=0, fi=0x42ffcc80)
    readdir returned 0x0x7fbc3c000cb0
calling filler with name qmaster02.txt
calling filler with name rmaster02.txt
calling filler with name ..
calling filler with name pmaster02.txt
calling filler with name .
    fi:
    flags = 0x00000000
    fh_old = 0x7fbc3c000c80
    writepage = 0
    direct_io = 0
    keep_cache = 0
    fh = 0x00007fbc3c000c80
    lock_owner = 0x0000000000000000

bb_releasedir(path="/", fi=0x437fdc90)
    fi:
    flags = 0x00000000

bb_opendir(path="/", fi=0x42ffcc80)
    bb_fullpath:  rootdir = "/home/suyash/fuse-tutorial-2016-03-25/example/rootdir", path = "/", fpath = "/home/suyash/fuse-tutorial-2016-03-25/example/rootdir/"
    fh_old = 0x7fbc3c000c80
    writepage = 0
    direct_io = 0
    keep_cache = 0
    fh = 0x00007fbc3c000c80
    lock_owner = 0x0000000000000000
    opendir returned 0x0x7fbc38000f30
    fi:
    flags = 0x00018800
    fh_old = 0x00000000
    writepage = 0
    direct_io = 0
    keep_cache = 0
    fh = 0x00007fbc38000f30
    lock_owner = 0x0000000000000000

bb_getattr(path="/", statbuf=0x48edcc60)
    bb_fullpath:  rootdir = "/home/suyash/fuse-tutorial-2016-03-25/example/rootdir", path = "/", fpath = "/home/suyash/fuse-tutorial-2016-03-25/example/rootdir/"
    lstat returned 0
    si:
    st_dev = 2050
    st_ino = 20185161
    st_mode = 040775
    st_nlink = 2
    st_uid = 1000
    st_gid = 1000
    st_rdev = 0
    st_size = 508400
    st_blksize = 4096
    st_blocks = 16
    st_atime = 0x580cfcac
    st_mtime = 0x580cfca3
    st_ctime = 0x580cfca3

bb_readdir(path="/", buf=0x38000990, filler=0x496cfce0, offset=0, fi=0x43ffec80)
    readdir returned 0x0x7fbc38000f60
calling filler with name qmaster02.txt
calling filler with name rmaster02.txt
calling filler with name ..
calling filler with name pmaster02.txt
calling filler with name .
    fi:
    flags = 0x00000000
    fh_old = 0x7fbc38000f30
    writepage = 0
    direct_io = 0
    keep_cache = 0
    fh = 0x00007fbc38000f30
    lock_owner = 0x0000000000000000

bb_releasedir(path="/", fi=0x48edcc90)
    fi:
    flags = 0x00000000
    fh_old = 0x7fbc38000f30
    writepage = 0
    direct_io = 0
    keep_cache = 0
    fh = 0x00007fbc38000f30
    lock_owner = 0x0000000000000000

bb_opendir(path="/", fi=0x43ffec80)
    bb_fullpath:  rootdir = "/home/suyash/fuse-tutorial-2016-03-25/example/rootdir", path = "/", fpath = "/home/suyash/fuse-tutorial-2016-03-25/example/rootdir/"
    opendir returned 0x0x7fbc3c000c80
    fi:
    flags = 0x00018800
    fh_old = 0x00000000
    writepage = 0
    direct_io = 0
    keep_cache = 0
    fh = 0x00007fbc3c000c80
    lock_owner = 0x0000000000000000

bb_getattr(path="/", statbuf=0x437fdc60)
    bb_fullpath:  rootdir = "/home/suyash/fuse-tutorial-2016-03-25/example/rootdir", path = "/", fpath = "/home/suyash/fuse-tutorial-2016-03-25/example/rootdir/"
    lstat returned 0
    si:
    st_dev = 2050
    st_ino = 20185161
    st_mode = 040775
    st_nlink = 2
    st_uid = 1000
    st_gid = 1000
    st_rdev = 0
    st_size = 508400
    st_blksize = 4096
    st_blocks = 16
    st_atime = 0x580cfcac
    st_mtime = 0x580cfca3
    st_ctime = 0x580cfca3

bb_readdir(path="/", buf=0x3c000af0, filler=0x496cfce0, offset=0, fi=0x42ffcc80)
    readdir returned 0x0x7fbc3c000cb0
calling filler with name qmaster02.txt
calling filler with name rmaster02.txt
calling filler with name ..
calling filler with name pmaster02.txt
calling filler with name .
    fi:
    flags = 0x00000000
    fh_old = 0x7fbc3c000c80
    writepage = 0
    direct_io = 0
    keep_cache = 0
    fh = 0x00007fbc3c000c80
    lock_owner = 0x0000000000000000

bb_releasedir(path="/", fi=0x437fdc90)
    fi:
    flags = 0x00000000

bb_opendir(path="/", fi=0x42ffcc80)
    bb_fullpath:  rootdir = "/home/suyash/fuse-tutorial-2016-03-25/example/rootdir", path = "/", fpath = "/home/suyash/fuse-tutorial-2016-03-25/example/rootdir/"
    fh_old = 0x7fbc3c000c80
    writepage = 0
    direct_io = 0
    keep_cache = 0
    fh = 0x00007fbc3c000c80
    lock_owner = 0x0000000000000000
    opendir returned 0x0x7fbc38000f30
    fi:
    flags = 0x00018800
    fh_old = 0x00000000
    writepage = 0
    direct_io = 0
    keep_cache = 0
    fh = 0x00007fbc38000f30
    lock_owner = 0x0000000000000000

bb_getattr(path="/", statbuf=0x48edcc60)
    bb_fullpath:  rootdir = "/home/suyash/fuse-tutorial-2016-03-25/example/rootdir", path = "/", fpath = "/home/suyash/fuse-tutorial-2016-03-25/example/rootdir/"
    lstat returned 0
    si:
    st_dev = 2050
    st_ino = 20185161
    st_mode = 040775
    st_nlink = 2
    st_uid = 1000
    st_gid = 1000
    st_rdev = 0
    st_size = 508400
    st_blksize = 4096
    st_blocks = 16
    st_atime = 0x580cfcac
    st_mtime = 0x580cfca3
    st_ctime = 0x580cfca3

bb_readdir(path="/", buf=0x38000990, filler=0x496cfce0, offset=0, fi=0x43ffec80)
    readdir returned 0x0x7fbc38000f60
calling filler with name qmaster02.txt
calling filler with name rmaster02.txt
calling filler with name ..
calling filler with name pmaster02.txt
calling filler with name .
    fi:
    flags = 0x00000000
    fh_old = 0x7fbc38000f30
    writepage = 0
    direct_io = 0
    keep_cache = 0
    fh = 0x00007fbc38000f30
    lock_owner = 0x0000000000000000

bb_releasedir(path="/", fi=0x48edcc90)
    fi:
    flags = 0x00000000
    fh_old = 0x7fbc38000f30
    writepage = 0
    direct_io = 0
    keep_cache = 0
    fh = 0x00007fbc38000f30
    lock_owner = 0x0000000000000000

bb_opendir(path="/", fi=0x43ffec80)
    bb_fullpath:  rootdir = "/home/suyash/fuse-tutorial-2016-03-25/example/rootdir", path = "/", fpath = "/home/suyash/fuse-tutorial-2016-03-25/example/rootdir/"
    opendir returned 0x0x7fbc3c000c80
    fi:
    flags = 0x00018800
    fh_old = 0x00000000
    writepage = 0
    direct_io = 0
    keep_cache = 0
    fh = 0x00007fbc3c000c80
    lock_owner = 0x0000000000000000

bb_getattr(path="/", statbuf=0x437fdc60)
    bb_fullpath:  rootdir = "/home/suyash/fuse-tutorial-2016-03-25/example/rootdir", path = "/", fpath = "/home/suyash/fuse-tutorial-2016-03-25/example/rootdir/"
    lstat returned 0
    si:
    st_dev = 2050
    st_ino = 20185161
    st_mode = 040775
    st_nlink = 2
    st_uid = 1000
    st_gid = 1000
    st_rdev = 0
    st_size = 508400
    st_blksize = 4096
    st_blocks = 16
    st_atime = 0x580cfcac
    st_mtime = 0x580cfca3
    st_ctime = 0x580cfca3

bb_readdir(path="/", buf=0x3c000af0, filler=0x496cfce0, offset=0, fi=0x42ffcc80)
    readdir returned 0x0x7fbc3c000cb0
calling filler with name qmaster02.txt
calling filler with name rmaster02.txt
calling filler with name ..
calling filler with name pmaster02.txt
calling filler with name .
    fi:
    flags = 0x00000000
    fh_old = 0x7fbc3c000c80
    writepage = 0
    direct_io = 0
    keep_cache = 0
    fh = 0x00007fbc3c000c80
    lock_owner = 0x0000000000000000

bb_releasedir(path="/", fi=0x437fdc90)
    fi:
    flags = 0x00000000
    fh_old = 0x7fbc3c000c80
    writepage = 0
    direct_io = 0
    keep_cache = 0
    fh = 0x00007fbc3c000c80
    lock_owner = 0x0000000000000000

bb_opendir(path="/", fi=0x42ffcc80)
    bb_fullpath:  rootdir = "/home/suyash/fuse-tutorial-2016-03-25/example/rootdir", path = "/", fpath = "/home/suyash/fuse-tutorial-2016-03-25/example/rootdir/"
    opendir returned 0x0x7fbc38000b20
    fi:
    flags = 0x00018800
    fh_old = 0x00000000
    writepage = 0
    direct_io = 0
    keep_cache = 0
    fh = 0x00007fbc38000b20
    lock_owner = 0x0000000000000000

bb_getattr(path="/", statbuf=0x48edcc60)
    bb_fullpath:  rootdir = "/home/suyash/fuse-tutorial-2016-03-25/example/rootdir", path = "/", fpath = "/home/suyash/fuse-tutorial-2016-03-25/example/rootdir/"
    lstat returned 0
    si:
    st_dev = 2050
    st_ino = 20185161
    st_mode = 040775
    st_nlink = 2
    st_uid = 1000
    st_gid = 1000
    st_rdev = 0
    st_size = 508400
    st_blksize = 4096
    st_blocks = 16
    st_atime = 0x580cfcac
    st_mtime = 0x580cfca3
    st_ctime = 0x580cfca3

bb_readdir(path="/", buf=0x38000990, filler=0x496cfce0, offset=0, fi=0x43ffec80)
    readdir returned 0x0x7fbc38000b50
calling filler with name qmaster02.txt
calling filler with name rmaster02.txt
calling filler with name ..
calling filler with name pmaster02.txt
calling filler with name .
    fi:
    flags = 0x00000000
    fh_old = 0x7fbc38000b20
    writepage = 0
    direct_io = 0
    keep_cache = 0
    fh = 0x00007fbc38000b20
    lock_owner = 0x0000000000000000

bb_releasedir(path="/", fi=0x48edcc90)
    fi:
    flags = 0x00000000
    fh_old = 0x7fbc38000b20
    writepage = 0
    direct_io = 0
    keep_cache = 0
    fh = 0x00007fbc38000b20
    lock_owner = 0x0000000000000000

bb_opendir(path="/", fi=0x43ffec80)
    bb_fullpath:  rootdir = "/home/suyash/fuse-tutorial-2016-03-25/example/rootdir", path = "/", fpath = "/home/suyash/fuse-tutorial-2016-03-25/example/rootdir/"
    opendir returned 0x0x7fbc3c000c80
    fi:
    flags = 0x00018800
    fh_old = 0x00000000
    writepage = 0
    direct_io = 0
    keep_cache = 0
    fh = 0x00007fbc3c000c80
    lock_owner = 0x0000000000000000

bb_getattr(path="/", statbuf=0x437fdc60)
    bb_fullpath:  rootdir = "/home/suyash/fuse-tutorial-2016-03-25/example/rootdir", path = "/", fpath = "/home/suyash/fuse-tutorial-2016-03-25/example/rootdir/"
    lstat returned 0
    si:
    st_dev = 2050
    st_ino = 20185161
    st_mode = 040775
    st_nlink = 2
    st_uid = 1000
    st_gid = 1000
    st_rdev = 0
    st_size = 508400
    st_blksize = 4096
    st_blocks = 16
    st_atime = 0x580cfcac
    st_mtime = 0x580cfca3
    st_ctime = 0x580cfca3

bb_readdir(path="/", buf=0x3c000af0, filler=0x496cfce0, offset=0, fi=0x42ffcc80)
    readdir returned 0x0x7fbc3c000cb0
calling filler with name qmaster02.txt
calling filler with name rmaster02.txt
calling filler with name ..
calling filler with name pmaster02.txt
calling filler with name .
    fi:
    flags = 0x00000000
    fh_old = 0x7fbc3c000c80
    writepage = 0
    direct_io = 0
    keep_cache = 0
    fh = 0x00007fbc3c000c80
    lock_owner = 0x0000000000000000

bb_releasedir(path="/", fi=0x437fdc90)
    fi:
    flags = 0x00000000
    fh_old = 0x7fbc3c000c80
    writepage = 0
    direct_io = 0
    keep_cache = 0
    fh = 0x00007fbc3c000c80
    lock_owner = 0x0000000000000000

bb_opendir(path="/", fi=0x42ffcc80)
    bb_fullpath:  rootdir = "/home/suyash/fuse-tutorial-2016-03-25/example/rootdir", path = "/", fpath = "/home/suyash/fuse-tutorial-2016-03-25/example/rootdir/"
    opendir returned 0x0x7fbc38000b20
    fi:
    flags = 0x00018800
    fh_old = 0x00000000
    writepage = 0
    direct_io = 0
    keep_cache = 0
    fh = 0x00007fbc38000b20
    lock_owner = 0x0000000000000000

bb_getattr(path="/", statbuf=0x48edcc60)
    bb_fullpath:  rootdir = "/home/suyash/fuse-tutorial-2016-03-25/example/rootdir", path = "/", fpath = "/home/suyash/fuse-tutorial-2016-03-25/example/rootdir/"
    lstat returned 0
    si:
    st_dev = 2050
    st_ino = 20185161
    st_mode = 040775
    st_nlink = 2
    st_uid = 1000
    st_gid = 1000
    st_rdev = 0
    st_size = 508400
    st_blksize = 4096
    st_blocks = 16
    st_atime = 0x580cfcac
    st_mtime = 0x580cfca3
    st_ctime = 0x580cfca3

bb_readdir(path="/", buf=0x38000990, filler=0x496cfce0, offset=0, fi=0x43ffec80)
    readdir returned 0x0x7fbc38000b50
calling filler with name qmaster02.txt
calling filler with name rmaster02.txt
calling filler with name ..
calling filler with name pmaster02.txt
calling filler with name .
    fi:
    flags = 0x00000000
    fh_old = 0x7fbc38000b20
    writepage = 0
    direct_io = 0
    keep_cache = 0
    fh = 0x00007fbc38000b20
    lock_owner = 0x0000000000000000

bb_releasedir(path="/", fi=0x48edcc90)
    fi:
    flags = 0x00000000
    fh_old = 0x7fbc38000b20
    writepage = 0
    direct_io = 0
    keep_cache = 0
    fh = 0x00007fbc38000b20
    lock_owner = 0x0000000000000000

bb_opendir(path="/", fi=0x43ffec80)
    bb_fullpath:  rootdir = "/home/suyash/fuse-tutorial-2016-03-25/example/rootdir", path = "/", fpath = "/home/suyash/fuse-tutorial-2016-03-25/example/rootdir/"
    opendir returned 0x0x7fbc3c000c80
    fi:
    flags = 0x00018800
    fh_old = 0x00000000
    writepage = 0
    direct_io = 0
    keep_cache = 0
    fh = 0x00007fbc3c000c80
    lock_owner = 0x0000000000000000

bb_getattr(path="/", statbuf=0x437fdc60)
    bb_fullpath:  rootdir = "/home/suyash/fuse-tutorial-2016-03-25/example/rootdir", path = "/", fpath = "/home/suyash/fuse-tutorial-2016-03-25/example/rootdir/"
    lstat returned 0
    si:
    st_dev = 2050
    st_ino = 20185161
    st_mode = 040775
    st_nlink = 2
    st_uid = 1000
    st_gid = 1000
    st_rdev = 0
    st_size = 508400
    st_blksize = 4096
    st_blocks = 16
    st_atime = 0x580cfcac
    st_mtime = 0x580cfca3
    st_ctime = 0x580cfca3

bb_readdir(path="/", buf=0x3c000af0, filler=0x496cfce0, offset=0, fi=0x42ffcc80)
    readdir returned 0x0x7fbc3c000cb0
calling filler with name qmaster02.txt
calling filler with name rmaster02.txt
calling filler with name ..
calling filler with name pmaster02.txt
calling filler with name .
    fi:
    flags = 0x00000000
    fh_old = 0x7fbc3c000c80
    writepage = 0
    direct_io = 0
    keep_cache = 0
    fh = 0x00007fbc3c000c80
    lock_owner = 0x0000000000000000

bb_releasedir(path="/", fi=0x437fdc90)
    fi:
    flags = 0x00000000
    fh_old = 0x7fbc3c000c80
    writepage = 0
    direct_io = 0
    keep_cache = 0
    fh = 0x00007fbc3c000c80
    lock_owner = 0x0000000000000000

bb_opendir(path="/", fi=0x42ffcc80)
    bb_fullpath:  rootdir = "/home/suyash/fuse-tutorial-2016-03-25/example/rootdir", path = "/", fpath = "/home/suyash/fuse-tutorial-2016-03-25/example/rootdir/"
    opendir returned 0x0x7fbc38000b20
    fi:
    flags = 0x00018800
    fh_old = 0x00000000
    writepage = 0
    direct_io = 0
    keep_cache = 0
    fh = 0x00007fbc38000b20
    lock_owner = 0x0000000000000000

bb_getattr(path="/", statbuf=0x48edcc60)
    bb_fullpath:  rootdir = "/home/suyash/fuse-tutorial-2016-03-25/example/rootdir", path = "/", fpath = "/home/suyash/fuse-tutorial-2016-03-25/example/rootdir/"
    lstat returned 0
    si:
    st_dev = 2050
    st_ino = 20185161
    st_mode = 040775
    st_nlink = 2
    st_uid = 1000
    st_gid = 1000
    st_rdev = 0
    st_size = 508400
    st_blksize = 4096
    st_blocks = 16
    st_atime = 0x580cfcac
    st_mtime = 0x580cfca3
    st_ctime = 0x580cfca3

bb_readdir(path="/", buf=0x38000990, filler=0x496cfce0, offset=0, fi=0x43ffec80)
    readdir returned 0x0x7fbc38000b50
calling filler with name qmaster02.txt
calling filler with name rmaster02.txt
calling filler with name ..
calling filler with name pmaster02.txt
calling filler with name .
    fi:
    flags = 0x00000000
    fh_old = 0x7fbc38000b20
    writepage = 0
    direct_io = 0
    keep_cache = 0
    fh = 0x00007fbc38000b20
    lock_owner = 0x0000000000000000

bb_releasedir(path="/", fi=0x48edcc90)
    fi:
    flags = 0x00000000
    fh_old = 0x7fbc38000b20
    writepage = 0
    direct_io = 0
    keep_cache = 0
    fh = 0x00007fbc38000b20
    lock_owner = 0x0000000000000000

bb_opendir(path="/", fi=0x43ffec80)
    bb_fullpath:  rootdir = "/home/suyash/fuse-tutorial-2016-03-25/example/rootdir", path = "/", fpath = "/home/suyash/fuse-tutorial-2016-03-25/example/rootdir/"
    opendir returned 0x0x7fbc3c000c80
    fi:
    flags = 0x00018800
    fh_old = 0x00000000
    writepage = 0
    direct_io = 0
    keep_cache = 0
    fh = 0x00007fbc3c000c80
    lock_owner = 0x0000000000000000

bb_getattr(path="/", statbuf=0x437fdc60)
    bb_fullpath:  rootdir = "/home/suyash/fuse-tutorial-2016-03-25/example/rootdir", path = "/", fpath = "/home/suyash/fuse-tutorial-2016-03-25/example/rootdir/"
    lstat returned 0
    si:
    st_dev = 2050
    st_ino = 20185161
    st_mode = 040775
    st_nlink = 2
    st_uid = 1000
    st_gid = 1000
    st_rdev = 0
    st_size = 508400
    st_blksize = 4096
    st_blocks = 16
    st_atime = 0x580cfcac
    st_mtime = 0x580cfca3
    st_ctime = 0x580cfca3

bb_readdir(path="/", buf=0x3c000af0, filler=0x496cfce0, offset=0, fi=0x42ffcc80)
    readdir returned 0x0x7fbc3c000cb0
calling filler with name qmaster02.txt
calling filler with name rmaster02.txt
calling filler with name ..
calling filler with name pmaster02.txt
calling filler with name .
    fi:
    flags = 0x00000000
    fh_old = 0x7fbc3c000c80
    writepage = 0
    direct_io = 0
    keep_cache = 0
    fh = 0x00007fbc3c000c80
    lock_owner = 0x0000000000000000

bb_releasedir(path="/", fi=0x43ffec90)
    fi:
    flags = 0x00000000
    fh_old = 0x7fbc3c000c80
    writepage = 0
    direct_io = 0
    keep_cache = 0
    fh = 0x00007fbc3c000c80
    lock_owner = 0x0000000000000000

bb_getattr(path="/autorun.inf", statbuf=0x43ffec90)
    bb_fullpath:  rootdir = "/home/suyash/fuse-tutorial-2016-03-25/example/rootdir", path = "/autorun.inf", fpath = "/home/suyash/fuse-tutorial-2016-03-25/example/rootdir/autorun.inf"
    lstat returned -1
    ERROR lstat: No such file or directory
    si:
    st_dev = 0
    st_ino = 0
    st_mode = 00
    st_nlink = 0
    st_uid = 0
    st_gid = 0
    st_rdev = 0
    st_size = 0
    st_blksize = 0
    st_blocks = 0
    st_atime = 0x00000000
    st_mtime = 0x00000000
    st_ctime = 0x00000000

bb_getattr(path="/", statbuf=0x48edcc60)
    bb_fullpath:  rootdir = "/home/suyash/fuse-tutorial-2016-03-25/example/rootdir", path = "/", fpath = "/home/suyash/fuse-tutorial-2016-03-25/example/rootdir/"
    lstat returned 0
    si:
    st_dev = 2050
    st_ino = 20185161
    st_mode = 040775
    st_nlink = 2
    st_uid = 1000
    st_gid = 1000
    st_rdev = 0
    st_size = 508400
    st_blksize = 4096
    st_blocks = 16
    st_atime = 0x580cfcac
    st_mtime = 0x580cfca3
    st_ctime = 0x580cfca3

bb_getattr(path="/", statbuf=0x437fdc60)
    bb_fullpath:  rootdir = "/home/suyash/fuse-tutorial-2016-03-25/example/rootdir", path = "/", fpath = "/home/suyash/fuse-tutorial-2016-03-25/example/rootdir/"
    lstat returned 0
    si:
    st_dev = 2050
    st_ino = 20185161
    st_mode = 040775
    st_nlink = 2
    st_uid = 1000
    st_gid = 1000
    st_rdev = 0
    st_size = 508400
    st_blksize = 4096
    st_blocks = 16
    st_atime = 0x580cfcac
    st_mtime = 0x580cfca3
    st_ctime = 0x580cfca3

bb_access(path="/", mask=04)
    bb_fullpath:  rootdir = "/home/suyash/fuse-tutorial-2016-03-25/example/rootdir", path = "/", fpath = "/home/suyash/fuse-tutorial-2016-03-25/example/rootdir/"

bb_access(path="/", mask=02)
    bb_fullpath:  rootdir = "/home/suyash/fuse-tutorial-2016-03-25/example/rootdir", path = "/", fpath = "/home/suyash/fuse-tutorial-2016-03-25/example/rootdir/"

bb_access(path="/", mask=01)
    bb_fullpath:  rootdir = "/home/suyash/fuse-tutorial-2016-03-25/example/rootdir", path = "/", fpath = "/home/suyash/fuse-tutorial-2016-03-25/example/rootdir/"

bb_statfs(path="/", statv=0x437fdc40)
    bb_fullpath:  rootdir = "/home/suyash/fuse-tutorial-2016-03-25/example/rootdir", path = "/", fpath = "/home/suyash/fuse-tutorial-2016-03-25/example/rootdir/"
    statvfs returned 0
    sv:
    f_bsize = 4096
    f_frsize = 4096
    f_blocks = 119013646
    f_bfree = 96759648
    f_bavail = 90708346
    f_files = 30236672
    f_ffree = 29951879
    f_favail = 29951879
    f_fsid = 8914378985413629026
    f_flag = 0x00001000
    f_namemax = 255

bb_access(path="/", mask=04)
    bb_fullpath:  rootdir = "/home/suyash/fuse-tutorial-2016-03-25/example/rootdir", path = "/", fpath = "/home/suyash/fuse-tutorial-2016-03-25/example/rootdir/"

bb_access(path="/", mask=02)
    bb_fullpath:  rootdir = "/home/suyash/fuse-tutorial-2016-03-25/example/rootdir", path = "/", fpath = "/home/suyash/fuse-tutorial-2016-03-25/example/rootdir/"

bb_access(path="/", mask=01)
    bb_fullpath:  rootdir = "/home/suyash/fuse-tutorial-2016-03-25/example/rootdir", path = "/", fpath = "/home/suyash/fuse-tutorial-2016-03-25/example/rootdir/"

bb_opendir(path="/", fi=0x437fdc80)
    bb_fullpath:  rootdir = "/home/suyash/fuse-tutorial-2016-03-25/example/rootdir", path = "/", fpath = "/home/suyash/fuse-tutorial-2016-03-25/example/rootdir/"
    opendir returned 0x0x7fbc34000c80
    fi:
    flags = 0x00018800
    fh_old = 0x00000000
    writepage = 0
    direct_io = 0
    keep_cache = 0
    fh = 0x00007fbc34000c80
    lock_owner = 0x0000000000000000

bb_readdir(path="/", buf=0x34000af0, filler=0x496cfce0, offset=0, fi=0x43ffec80)
    readdir returned 0x0x7fbc34000cb0
calling filler with name qmaster02.txt
calling filler with name rmaster02.txt
calling filler with name ..
calling filler with name pmaster02.txt
calling filler with name .
    fi:
    flags = 0x00000000
    fh_old = 0x7fbc34000c80
    writepage = 0
    direct_io = 0
    keep_cache = 0
    fh = 0x00007fbc34000c80
    lock_owner = 0x0000000000000000

bb_getattr(path="/qmaster02.txt", statbuf=0x48edcc90)
    bb_fullpath:  rootdir = "/home/suyash/fuse-tutorial-2016-03-25/example/rootdir", path = "/qmaster02.txt", fpath = "/home/suyash/fuse-tutorial-2016-03-25/example/rootdir/qmaster02.txt"
    lstat returned 0
    si:
    st_dev = 2050
    st_ino = 20185176
    st_mode = 0100664
    st_nlink = 1
    st_uid = 1000
    st_gid = 1000
    st_rdev = 0
    st_size = 8192
    st_blksize = 4096
    st_blocks = 16
    st_atime = 0x580cfca5
    st_mtime = 0x580cc592
    st_ctime = 0x580cfca3

bb_getattr(path="/.hidden", statbuf=0x437fdc90)
    bb_fullpath:  rootdir = "/home/suyash/fuse-tutorial-2016-03-25/example/rootdir", path = "/.hidden", fpath = "/home/suyash/fuse-tutorial-2016-03-25/example/rootdir/.hidden"
    lstat returned -1
    ERROR lstat: No such file or directory
    si:
    st_dev = 0
    st_ino = 0
    st_mode = 00
    st_nlink = 0
    st_uid = 0
    st_gid = 0
    st_rdev = 0
    st_size = 0
    st_blksize = 0
    st_blocks = 0
    st_atime = 0x00000000
    st_mtime = 0x00000000
    st_ctime = 0x00000000

bb_getattr(path="/rmaster02.txt", statbuf=0x43ffec90)
    bb_fullpath:  rootdir = "/home/suyash/fuse-tutorial-2016-03-25/example/rootdir", path = "/rmaster02.txt", fpath = "/home/suyash/fuse-tutorial-2016-03-25/example/rootdir/rmaster02.txt"
    lstat returned 0
    si:
    st_dev = 2050
    st_ino = 20185177
    st_mode = 0100664
    st_nlink = 1
    st_uid = 1000
    st_gid = 1000
    st_rdev = 0
    st_size = 16384
    st_blksize = 4096
    st_blocks = 16
    st_atime = 0x580cfcaa
    st_mtime = 0x580cd32e
    st_ctime = 0x580cfca3

bb_getattr(path="/pmaster02.txt", statbuf=0x42ffcc90)
    bb_fullpath:  rootdir = "/home/suyash/fuse-tutorial-2016-03-25/example/rootdir", path = "/pmaster02.txt", fpath = "/home/suyash/fuse-tutorial-2016-03-25/example/rootdir/pmaster02.txt"
    lstat returned 0
    si:
    st_dev = 2050
    st_ino = 20185162
    st_mode = 0100664
    st_nlink = 1
    st_uid = 1000
    st_gid = 1000
    st_rdev = 0
    st_size = 4096
    st_blksize = 4096
    st_blocks = 16
    st_atime = 0x580cfca8
    st_mtime = 0x580c55c5
    st_ctime = 0x580cfca3

bb_releasedir(path="/", fi=0x437fdc90)
    fi:
    flags = 0x00000000
    fh_old = 0x7fbc34000c80
    writepage = 0
    direct_io = 0
    keep_cache = 0
    fh = 0x00007fbc34000c80
    lock_owner = 0x0000000000000000

bb_getattr(path="/", statbuf=0x43ffec60)
    bb_fullpath:  rootdir = "/home/suyash/fuse-tutorial-2016-03-25/example/rootdir", path = "/", fpath = "/home/suyash/fuse-tutorial-2016-03-25/example/rootdir/"
    lstat returned 0
    si:
    st_dev = 2050
    st_ino = 20185161
    st_mode = 040775
    st_nlink = 2
    st_uid = 1000
    st_gid = 1000
    st_rdev = 0
    st_size = 508400
    st_blksize = 4096
    st_blocks = 16
    st_atime = 0x580cfcac
    st_mtime = 0x580cfca3
    st_ctime = 0x580cfca3

bb_statfs(path="/", statv=0x42ffcc40)
    bb_fullpath:  rootdir = "/home/suyash/fuse-tutorial-2016-03-25/example/rootdir", path = "/", fpath = "/home/suyash/fuse-tutorial-2016-03-25/example/rootdir/"
    statvfs returned 0
    sv:
    f_bsize = 4096
    f_frsize = 4096
    f_blocks = 119013646
    f_bfree = 96759650
    f_bavail = 90708348
    f_files = 30236672
    f_ffree = 29951882
    f_favail = 29951882
    f_fsid = 8914378985413629026
    f_flag = 0x00001000
    f_namemax = 255

bb_opendir(path="/", fi=0x48edcc80)
    bb_fullpath:  rootdir = "/home/suyash/fuse-tutorial-2016-03-25/example/rootdir", path = "/", fpath = "/home/suyash/fuse-tutorial-2016-03-25/example/rootdir/"
    opendir returned 0x0x7fbc44001c90
    fi:
    flags = 0x00018800
    fh_old = 0x00000000
    writepage = 0
    direct_io = 0
    keep_cache = 0
    fh = 0x00007fbc44001c90
    lock_owner = 0x0000000000000000

bb_access(path="/", mask=02)
    bb_fullpath:  rootdir = "/home/suyash/fuse-tutorial-2016-03-25/example/rootdir", path = "/", fpath = "/home/suyash/fuse-tutorial-2016-03-25/example/rootdir/"

bb_getattr(path="/.Trash", statbuf=0x43ffec90)
    bb_fullpath:  rootdir = "/home/suyash/fuse-tutorial-2016-03-25/example/rootdir", path = "/.Trash", fpath = "/home/suyash/fuse-tutorial-2016-03-25/example/rootdir/.Trash"
    lstat returned -1
    ERROR lstat: No such file or directory
    si:
    st_dev = 0
    st_ino = 0
    st_mode = 00
    st_nlink = 0
    st_uid = 0
    st_gid = 0
    st_rdev = 0
    st_size = 0
    st_blksize = 0
    st_blocks = 0
    st_atime = 0x00000000
    st_mtime = 0x00000000
    st_ctime = 0x00000000

bb_getattr(path="/.Trash-1000", statbuf=0x42ffcc90)
    bb_fullpath:  rootdir = "/home/suyash/fuse-tutorial-2016-03-25/example/rootdir", path = "/.Trash-1000", fpath = "/home/suyash/fuse-tutorial-2016-03-25/example/rootdir/.Trash-1000"
    lstat returned -1
    ERROR lstat: No such file or directory
    si:
    st_dev = 0
    st_ino = 0
    st_mode = 00
    st_nlink = 0
    st_uid = 0
    st_gid = 0
    st_rdev = 0
    st_size = 0
    st_blksize = 0
    st_blocks = 0
    st_atime = 0x00000000
    st_mtime = 0x00000000
    st_ctime = 0x00000000

bb_access(path="/", mask=02)
    bb_fullpath:  rootdir = "/home/suyash/fuse-tutorial-2016-03-25/example/rootdir", path = "/", fpath = "/home/suyash/fuse-tutorial-2016-03-25/example/rootdir/"

bb_readdir(path="/", buf=0x44001b00, filler=0x496cfce0, offset=0, fi=0x437fdc80)
    readdir returned 0x0x7fbc44001cc0
calling filler with name qmaster02.txt
calling filler with name rmaster02.txt
calling filler with name ..
calling filler with name pmaster02.txt
calling filler with name .
    fi:
    flags = 0x00000000
    fh_old = 0x7fbc44001c90
    writepage = 0
    direct_io = 0
    keep_cache = 0
    fh = 0x00007fbc44001c90
    lock_owner = 0x0000000000000000

bb_access(path="/qmaster02.txt", mask=04)
    bb_fullpath:  rootdir = "/home/suyash/fuse-tutorial-2016-03-25/example/rootdir", path = "/qmaster02.txt", fpath = "/home/suyash/fuse-tutorial-2016-03-25/example/rootdir/qmaster02.txt"

bb_access(path="/qmaster02.txt", mask=02)
    bb_fullpath:  rootdir = "/home/suyash/fuse-tutorial-2016-03-25/example/rootdir", path = "/qmaster02.txt", fpath = "/home/suyash/fuse-tutorial-2016-03-25/example/rootdir/qmaster02.txt"

bb_access(path="/qmaster02.txt", mask=01)
    bb_fullpath:  rootdir = "/home/suyash/fuse-tutorial-2016-03-25/example/rootdir", path = "/qmaster02.txt", fpath = "/home/suyash/fuse-tutorial-2016-03-25/example/rootdir/qmaster02.txt"
    ERROR bb_access access: Permission denied

bb_getattr(path="/", statbuf=0x43ffec60)
    bb_fullpath:  rootdir = "/home/suyash/fuse-tutorial-2016-03-25/example/rootdir", path = "/", fpath = "/home/suyash/fuse-tutorial-2016-03-25/example/rootdir/"
    lstat returned 0
    si:
    st_dev = 2050
    st_ino = 20185161
    st_mode = 040775
    st_nlink = 2
    st_uid = 1000
    st_gid = 1000
    st_rdev = 0
    st_size = 508400
    st_blksize = 4096
    st_blocks = 16
    st_atime = 0x580cfcac
    st_mtime = 0x580cfca3
    st_ctime = 0x580cfca3

bb_access(path="/rmaster02.txt", mask=04)
    bb_fullpath:  rootdir = "/home/suyash/fuse-tutorial-2016-03-25/example/rootdir", path = "/rmaster02.txt", fpath = "/home/suyash/fuse-tutorial-2016-03-25/example/rootdir/rmaster02.txt"

bb_access(path="/rmaster02.txt", mask=02)
    bb_fullpath:  rootdir = "/home/suyash/fuse-tutorial-2016-03-25/example/rootdir", path = "/rmaster02.txt", fpath = "/home/suyash/fuse-tutorial-2016-03-25/example/rootdir/rmaster02.txt"

bb_access(path="/rmaster02.txt", mask=01)
    bb_fullpath:  rootdir = "/home/suyash/fuse-tutorial-2016-03-25/example/rootdir", path = "/rmaster02.txt", fpath = "/home/suyash/fuse-tutorial-2016-03-25/example/rootdir/rmaster02.txt"
    ERROR bb_access access: Permission denied

bb_access(path="/pmaster02.txt", mask=04)
    bb_fullpath:  rootdir = "/home/suyash/fuse-tutorial-2016-03-25/example/rootdir", path = "/pmaster02.txt", fpath = "/home/suyash/fuse-tutorial-2016-03-25/example/rootdir/pmaster02.txt"

bb_access(path="/pmaster02.txt", mask=02)
    bb_fullpath:  rootdir = "/home/suyash/fuse-tutorial-2016-03-25/example/rootdir", path = "/pmaster02.txt", fpath = "/home/suyash/fuse-tutorial-2016-03-25/example/rootdir/pmaster02.txt"

bb_access(path="/pmaster02.txt", mask=01)
    bb_fullpath:  rootdir = "/home/suyash/fuse-tutorial-2016-03-25/example/rootdir", path = "/pmaster02.txt", fpath = "/home/suyash/fuse-tutorial-2016-03-25/example/rootdir/pmaster02.txt"
    ERROR bb_access access: Permission denied

bb_releasedir(path="/", fi=0x43ffec90)
    fi:
    flags = 0x00000000
    fh_old = 0x7fbc44001c90
    writepage = 0
    direct_io = 0
    keep_cache = 0
    fh = 0x00007fbc44001c90
    lock_owner = 0x0000000000000000

bb_getattr(path="/", statbuf=0x42ffcc60)
    bb_fullpath:  rootdir = "/home/suyash/fuse-tutorial-2016-03-25/example/rootdir", path = "/", fpath = "/home/suyash/fuse-tutorial-2016-03-25/example/rootdir/"
    lstat returned 0
    si:
    st_dev = 2050
    st_ino = 20185161
    st_mode = 040775
    st_nlink = 2
    st_uid = 1000
    st_gid = 1000
    st_rdev = 0
    st_size = 508400
    st_blksize = 4096
    st_blocks = 16
    st_atime = 0x580cfcac
    st_mtime = 0x580cfca3
    st_ctime = 0x580cfca3

bb_access(path="/", mask=04)
    bb_fullpath:  rootdir = "/home/suyash/fuse-tutorial-2016-03-25/example/rootdir", path = "/", fpath = "/home/suyash/fuse-tutorial-2016-03-25/example/rootdir/"

bb_access(path="/", mask=02)
    bb_fullpath:  rootdir = "/home/suyash/fuse-tutorial-2016-03-25/example/rootdir", path = "/", fpath = "/home/suyash/fuse-tutorial-2016-03-25/example/rootdir/"

bb_access(path="/", mask=01)
    bb_fullpath:  rootdir = "/home/suyash/fuse-tutorial-2016-03-25/example/rootdir", path = "/", fpath = "/home/suyash/fuse-tutorial-2016-03-25/example/rootdir/"

bb_opendir(path="/", fi=0x42ffcc80)
    bb_fullpath:  rootdir = "/home/suyash/fuse-tutorial-2016-03-25/example/rootdir", path = "/", fpath = "/home/suyash/fuse-tutorial-2016-03-25/example/rootdir/"
    opendir returned 0x0x7fbc38000b20
    fi:
    flags = 0x00018800
    fh_old = 0x00000000
    writepage = 0
    direct_io = 0
    keep_cache = 0
    fh = 0x00007fbc38000b20
    lock_owner = 0x0000000000000000

bb_access(path="/", mask=02)
    bb_fullpath:  rootdir = "/home/suyash/fuse-tutorial-2016-03-25/example/rootdir", path = "/", fpath = "/home/suyash/fuse-tutorial-2016-03-25/example/rootdir/"

bb_getattr(path="/.Trash", statbuf=0x437fdc90)
    bb_fullpath:  rootdir = "/home/suyash/fuse-tutorial-2016-03-25/example/rootdir", path = "/.Trash", fpath = "/home/suyash/fuse-tutorial-2016-03-25/example/rootdir/.Trash"
    lstat returned -1
    ERROR lstat: No such file or directory
    si:
    st_dev = 0
    st_ino = 0
    st_mode = 00
    st_nlink = 0
    st_uid = 0
    st_gid = 0
    st_rdev = 0
    st_size = 0
    st_blksize = 0
    st_blocks = 0
    st_atime = 0x00000000
    st_mtime = 0x00000000
    st_ctime = 0x00000000

bb_getattr(path="/.Trash-1000", statbuf=0x43ffec90)
    bb_fullpath:  rootdir = "/home/suyash/fuse-tutorial-2016-03-25/example/rootdir", path = "/.Trash-1000", fpath = "/home/suyash/fuse-tutorial-2016-03-25/example/rootdir/.Trash-1000"
    lstat returned -1
    ERROR lstat: No such file or directory
    si:
    st_dev = 0
    st_ino = 0
    st_mode = 00
    st_nlink = 0
    st_uid = 0
    st_gid = 0
    st_rdev = 0
    st_size = 0
    st_blksize = 0
    st_blocks = 0
    st_atime = 0x00000000
    st_mtime = 0x00000000
    st_ctime = 0x00000000

bb_access(path="/", mask=02)
    bb_fullpath:  rootdir = "/home/suyash/fuse-tutorial-2016-03-25/example/rootdir", path = "/", fpath = "/home/suyash/fuse-tutorial-2016-03-25/example/rootdir/"

bb_readdir(path="/", buf=0x38000990, filler=0x496cfce0, offset=0, fi=0x48edcc80)
    readdir returned 0x0x7fbc38000b50
calling filler with name qmaster02.txt
calling filler with name rmaster02.txt
calling filler with name ..
calling filler with name pmaster02.txt
calling filler with name .
    fi:
    flags = 0x00000000
    fh_old = 0x7fbc38000b20
    writepage = 0
    direct_io = 0
    keep_cache = 0
    fh = 0x00007fbc38000b20
    lock_owner = 0x0000000000000000

bb_getattr(path="/qmaster02.txt", statbuf=0x43ffec90)
    bb_fullpath:  rootdir = "/home/suyash/fuse-tutorial-2016-03-25/example/rootdir", path = "/qmaster02.txt", fpath = "/home/suyash/fuse-tutorial-2016-03-25/example/rootdir/qmaster02.txt"
    lstat returned 0
    si:
    st_dev = 2050
    st_ino = 20185176
    st_mode = 0100664
    st_nlink = 1
    st_uid = 1000
    st_gid = 1000
    st_rdev = 0
    st_size = 8192
    st_blksize = 4096
    st_blocks = 16
    st_atime = 0x580cfca5
    st_mtime = 0x580cc592
    st_ctime = 0x580cfca3

bb_access(path="/qmaster02.txt", mask=04)
    bb_fullpath:  rootdir = "/home/suyash/fuse-tutorial-2016-03-25/example/rootdir", path = "/qmaster02.txt", fpath = "/home/suyash/fuse-tutorial-2016-03-25/example/rootdir/qmaster02.txt"

bb_access(path="/qmaster02.txt", mask=02)
    bb_fullpath:  rootdir = "/home/suyash/fuse-tutorial-2016-03-25/example/rootdir", path = "/qmaster02.txt", fpath = "/home/suyash/fuse-tutorial-2016-03-25/example/rootdir/qmaster02.txt"

bb_access(path="/qmaster02.txt", mask=01)
    bb_fullpath:  rootdir = "/home/suyash/fuse-tutorial-2016-03-25/example/rootdir", path = "/qmaster02.txt", fpath = "/home/suyash/fuse-tutorial-2016-03-25/example/rootdir/qmaster02.txt"
    ERROR bb_access access: Permission denied

bb_getattr(path="/", statbuf=0x43ffec60)
    bb_fullpath:  rootdir = "/home/suyash/fuse-tutorial-2016-03-25/example/rootdir", path = "/", fpath = "/home/suyash/fuse-tutorial-2016-03-25/example/rootdir/"
    lstat returned 0
    si:
    st_dev = 2050
    st_ino = 20185161
    st_mode = 040775
    st_nlink = 2
    st_uid = 1000
    st_gid = 1000
    st_rdev = 0
    st_size = 508400
    st_blksize = 4096
    st_blocks = 16
    st_atime = 0x580cfcac
    st_mtime = 0x580cfca3
    st_ctime = 0x580cfca3

bb_getattr(path="/rmaster02.txt", statbuf=0x42ffcc90)
    bb_fullpath:  rootdir = "/home/suyash/fuse-tutorial-2016-03-25/example/rootdir", path = "/rmaster02.txt", fpath = "/home/suyash/fuse-tutorial-2016-03-25/example/rootdir/rmaster02.txt"
    lstat returned 0
    si:
    st_dev = 2050
    st_ino = 20185177
    st_mode = 0100664
    st_nlink = 1
    st_uid = 1000
    st_gid = 1000
    st_rdev = 0
    st_size = 16384
    st_blksize = 4096
    st_blocks = 16
    st_atime = 0x580cfcaa
    st_mtime = 0x580cd32e
    st_ctime = 0x580cfca3

bb_access(path="/rmaster02.txt", mask=04)
    bb_fullpath:  rootdir = "/home/suyash/fuse-tutorial-2016-03-25/example/rootdir", path = "/rmaster02.txt", fpath = "/home/suyash/fuse-tutorial-2016-03-25/example/rootdir/rmaster02.txt"

bb_access(path="/rmaster02.txt", mask=02)
    bb_fullpath:  rootdir = "/home/suyash/fuse-tutorial-2016-03-25/example/rootdir", path = "/rmaster02.txt", fpath = "/home/suyash/fuse-tutorial-2016-03-25/example/rootdir/rmaster02.txt"

bb_access(path="/rmaster02.txt", mask=01)
    bb_fullpath:  rootdir = "/home/suyash/fuse-tutorial-2016-03-25/example/rootdir", path = "/rmaster02.txt", fpath = "/home/suyash/fuse-tutorial-2016-03-25/example/rootdir/rmaster02.txt"
    ERROR bb_access access: Permission denied

bb_getattr(path="/pmaster02.txt", statbuf=0x42ffcc90)
    bb_fullpath:  rootdir = "/home/suyash/fuse-tutorial-2016-03-25/example/rootdir", path = "/pmaster02.txt", fpath = "/home/suyash/fuse-tutorial-2016-03-25/example/rootdir/pmaster02.txt"
    lstat returned 0
    si:
    st_dev = 2050
    st_ino = 20185162
    st_mode = 0100664
    st_nlink = 1
    st_uid = 1000
    st_gid = 1000
    st_rdev = 0
    st_size = 4096
    st_blksize = 4096
    st_blocks = 16
    st_atime = 0x580cfca8
    st_mtime = 0x580c55c5
    st_ctime = 0x580cfca3

bb_access(path="/pmaster02.txt", mask=04)
    bb_fullpath:  rootdir = "/home/suyash/fuse-tutorial-2016-03-25/example/rootdir", path = "/pmaster02.txt", fpath = "/home/suyash/fuse-tutorial-2016-03-25/example/rootdir/pmaster02.txt"

bb_access(path="/pmaster02.txt", mask=02)
    bb_fullpath:  rootdir = "/home/suyash/fuse-tutorial-2016-03-25/example/rootdir", path = "/pmaster02.txt", fpath = "/home/suyash/fuse-tutorial-2016-03-25/example/rootdir/pmaster02.txt"

bb_access(path="/pmaster02.txt", mask=01)
    bb_fullpath:  rootdir = "/home/suyash/fuse-tutorial-2016-03-25/example/rootdir", path = "/pmaster02.txt", fpath = "/home/suyash/fuse-tutorial-2016-03-25/example/rootdir/pmaster02.txt"
    ERROR bb_access access: Permission denied

bb_releasedir(path="/", fi=0x48edcc90)
    fi:
    flags = 0x00000000
    fh_old = 0x7fbc38000b20
    writepage = 0
    direct_io = 0
    keep_cache = 0
    fh = 0x00007fbc38000b20
    lock_owner = 0x0000000000000000

bb_getattr(path="/rmaster02.txt", statbuf=0x437fdc90)
    bb_fullpath:  rootdir = "/home/suyash/fuse-tutorial-2016-03-25/example/rootdir", path = "/rmaster02.txt", fpath = "/home/suyash/fuse-tutorial-2016-03-25/example/rootdir/rmaster02.txt"
    lstat returned 0
    si:
    st_dev = 2050
    st_ino = 20185177
    st_mode = 0100664
    st_nlink = 1
    st_uid = 1000
    st_gid = 1000
    st_rdev = 0
    st_size = 16384
    st_blksize = 4096
    st_blocks = 16
    st_atime = 0x580cfcaa
    st_mtime = 0x580cd32e
    st_ctime = 0x580cfca3

bb_getattr(path="/qmaster02.txt", statbuf=0x43ffec90)
    bb_fullpath:  rootdir = "/home/suyash/fuse-tutorial-2016-03-25/example/rootdir", path = "/qmaster02.txt", fpath = "/home/suyash/fuse-tutorial-2016-03-25/example/rootdir/qmaster02.txt"
    lstat returned 0
    si:
    st_dev = 2050
    st_ino = 20185176
    st_mode = 0100664
    st_nlink = 1
    st_uid = 1000
    st_gid = 1000
    st_rdev = 0
    st_size = 8192
    st_blksize = 4096
    st_blocks = 16
    st_atime = 0x580cfca5
    st_mtime = 0x580cc592
    st_ctime = 0x580cfca3

bb_open(path"/qmaster02.txt", fi=0x42ffcd40)
    bb_fullpath:  rootdir = "/home/suyash/fuse-tutorial-2016-03-25/example/rootdir", path = "/qmaster02.txt", fpath = "/home/suyash/fuse-tutorial-2016-03-25/example/rootdir/qmaster02.txt"
    open returned 5
    fi:
    flags = 0x00008000
    fh_old = 0x00000000
    writepage = 0
    direct_io = 0
    keep_cache = 0
    fh = 0x0000000000000005
    lock_owner = 0x0000000000000000

bb_read(path="/qmaster02.txt", buf=0x44001c60, size=8192, offset=0, fi=0x48edcd40)
    fi:
    flags = 0x00008000
    fh_old = 0x00000005
    writepage = 0
    direct_io = 0
    keep_cache = 0
    fh = 0x0000000000000005
    lock_owner = 0x0000000000000000
    pread returned 66

* t*worr  Atitaheercroecfnkbda ,
* t*worr  Atitaheercroecfnkbda ,
    open returned 6
    pread returned 4096
    close returned 0
    open returned 6
    pread returned 4096
    close returned 0

bb_read(path="/qmaster02.txt", buf=0x34000c50, size=4096, offset=8192, fi=0x437fdd40)
    fi:
    flags = 0x00008000
    fh_old = 0x00000005
    writepage = 0
    direct_io = 0
    keep_cache = 0
    fh = 0x0000000000000005
    lock_owner = 0x0000000000000000
    pread returned 66

bb_fgetattr(path="/qmaster02.txt", statbuf=0x43ffec60, fi=0x43ffed40)
    fi:
    flags = 0x00000000
    fh_old = 0x00000005
    writepage = 0
    direct_io = 0
    keep_cache = 0
    fh = 0x0000000000000005
    lock_owner = 0x0000000000000000
    si:
    st_dev = 2050
    st_ino = 20185176
    st_mode = 0100664
    st_nlink = 1
    st_uid = 1000
    st_gid = 1000
    st_rdev = 0
    st_size = 66
    st_blksize = 4096
    st_blocks = 8
    st_atime = 0x580cfca5
    st_mtime = 0x580cc592
    st_ctime = 0x580cfca3

bb_read(path="/qmaster02.txt", buf=0x38000af0, size=4096, offset=8192, fi=0x42ffcd40)
    fi:
    flags = 0x00008000
    fh_old = 0x00000005
    writepage = 0
    direct_io = 0
    keep_cache = 0
    fh = 0x0000000000000005
    lock_owner = 0x0000000000000000
    pread returned 66

bb_fgetattr(path="/qmaster02.txt", statbuf=0x48edcc60, fi=0x48edcd40)
    fi:
    flags = 0x00000000
    fh_old = 0x00000005
    writepage = 0
    direct_io = 0
    keep_cache = 0
    fh = 0x0000000000000005
    lock_owner = 0x0000000000000000
    si:
    st_dev = 2050
    st_ino = 20185176
    st_mode = 0100664
    st_nlink = 1
    st_uid = 1000
    st_gid = 1000
    st_rdev = 0
    st_size = 66
    st_blksize = 4096
    st_blocks = 8
    st_atime = 0x580cfca5
    st_mtime = 0x580cc592
    st_ctime = 0x580cfca3

bb_flush(path="/qmaster02.txt", fi=0x437fdd40)
    fi:
    flags = 0x00000000
    fh_old = 0x00000005
    writepage = 0
    direct_io = 0
    keep_cache = 0
    fh = 0x0000000000000005
    lock_owner = 0xf8ebd094833b26ea

bb_release(path="/qmaster02.txt", fi=0x43ffed40)
    fi:
    flags = 0x00008000
    fh_old = 0x00000005
    writepage = 0
    direct_io = 0
    keep_cache = 0
    fh = 0x0000000000000005
    lock_owner = 0x0000000000000000
    close returned 0

bb_getattr(path="/bogus.txt", statbuf=0x42ffcc90)
    bb_fullpath:  rootdir = "/home/suyash/fuse-tutorial-2016-03-25/example/rootdir", path = "/bogus.txt", fpath = "/home/suyash/fuse-tutorial-2016-03-25/example/rootdir/bogus.txt"
    lstat returned -1
    ERROR lstat: No such file or directory
    si:
    st_dev = 0
    st_ino = 0
    st_mode = 00
    st_nlink = 0
    st_uid = 0
    st_gid = 0
    st_rdev = 0
    st_size = 0
    st_blksize = 0
    st_blocks = 0
    st_atime = 0x00000000
    st_mtime = 0x00000000
    st_ctime = 0x00000000

bb_getattr(path="/a", statbuf=0x48edcc90)
    bb_fullpath:  rootdir = "/home/suyash/fuse-tutorial-2016-03-25/example/rootdir", path = "/a", fpath = "/home/suyash/fuse-tutorial-2016-03-25/example/rootdir/a"
    lstat returned -1
    ERROR lstat: No such file or directory
    si:
    st_dev = 0
    st_ino = 0
    st_mode = 00
    st_nlink = 0
    st_uid = 0
    st_gid = 0
    st_rdev = 0
    st_size = 0
    st_blksize = 0
    st_blocks = 0
    st_atime = 0x00000000
    st_mtime = 0x00000000
    st_ctime = 0x00000000

bb_getattr(path="/rmaster02.txt", statbuf=0x437fdc90)
    bb_fullpath:  rootdir = "/home/suyash/fuse-tutorial-2016-03-25/example/rootdir", path = "/rmaster02.txt", fpath = "/home/suyash/fuse-tutorial-2016-03-25/example/rootdir/rmaster02.txt"
    lstat returned 0
    si:
    st_dev = 2050
    st_ino = 20185177
    st_mode = 0100664
    st_nlink = 1
    st_uid = 1000
    st_gid = 1000
    st_rdev = 0
    st_size = 16384
    st_blksize = 4096
    st_blocks = 16
    st_atime = 0x580cfcaa
    st_mtime = 0x580cd32e
    st_ctime = 0x580cfca3

bb_getattr(path="/pmaster02.txt", statbuf=0x43ffec90)
    bb_fullpath:  rootdir = "/home/suyash/fuse-tutorial-2016-03-25/example/rootdir", path = "/pmaster02.txt", fpath = "/home/suyash/fuse-tutorial-2016-03-25/example/rootdir/pmaster02.txt"
    lstat returned 0
    si:
    st_dev = 2050
    st_ino = 20185162
    st_mode = 0100664
    st_nlink = 1
    st_uid = 1000
    st_gid = 1000
    st_rdev = 0
    st_size = 4096
    st_blksize = 4096
    st_blocks = 16
    st_atime = 0x580cfca8
    st_mtime = 0x580c55c5
    st_ctime = 0x580cfca3

bb_getattr(path="/bogus.txt", statbuf=0x42ffcc90)
    bb_fullpath:  rootdir = "/home/suyash/fuse-tutorial-2016-03-25/example/rootdir", path = "/bogus.txt", fpath = "/home/suyash/fuse-tutorial-2016-03-25/example/rootdir/bogus.txt"
    lstat returned -1
    ERROR lstat: No such file or directory
    si:
    st_dev = 0
    st_ino = 0
    st_mode = 00
    st_nlink = 0
    st_uid = 0
    st_gid = 0
    st_rdev = 0
    st_size = 0
    st_blksize = 0
    st_blocks = 0
    st_atime = 0x00000000
    st_mtime = 0x00000000
    st_ctime = 0x00000000

bb_getattr(path="/a", statbuf=0x48edcc90)
    bb_fullpath:  rootdir = "/home/suyash/fuse-tutorial-2016-03-25/example/rootdir", path = "/a", fpath = "/home/suyash/fuse-tutorial-2016-03-25/example/rootdir/a"
    lstat returned -1
    ERROR lstat: No such file or directory
    si:
    st_dev = 0
    st_ino = 0
    st_mode = 00
    st_nlink = 0
    st_uid = 0
    st_gid = 0
    st_rdev = 0
    st_size = 0
    st_blksize = 0
    st_blocks = 0
    st_atime = 0x00000000
    st_mtime = 0x00000000
    st_ctime = 0x00000000

bb_getattr(path="/", statbuf=0x437fdc60)
    bb_fullpath:  rootdir = "/home/suyash/fuse-tutorial-2016-03-25/example/rootdir", path = "/", fpath = "/home/suyash/fuse-tutorial-2016-03-25/example/rootdir/"
    lstat returned 0
    si:
    st_dev = 2050
    st_ino = 20185161
    st_mode = 040775
    st_nlink = 2
    st_uid = 1000
    st_gid = 1000
    st_rdev = 0
    st_size = 508400
    st_blksize = 4096
    st_blocks = 16
    st_atime = 0x580cfcac
    st_mtime = 0x580cfca3
    st_ctime = 0x580cfca3

bb_getattr(path="/qmaster02.txt", statbuf=0x43ffec90)
    bb_fullpath:  rootdir = "/home/suyash/fuse-tutorial-2016-03-25/example/rootdir", path = "/qmaster02.txt", fpath = "/home/suyash/fuse-tutorial-2016-03-25/example/rootdir/qmaster02.txt"
    lstat returned 0
    si:
    st_dev = 2050
    st_ino = 20185176
    st_mode = 0100664
    st_nlink = 1
    st_uid = 1000
    st_gid = 1000
    st_rdev = 0
    st_size = 8192
    st_blksize = 4096
    st_blocks = 16
    st_atime = 0x580cfca5
    st_mtime = 0x580cc592
    st_ctime = 0x580cfca3

bb_getattr(path="/rmaster02.txt", statbuf=0x42ffcc90)
    bb_fullpath:  rootdir = "/home/suyash/fuse-tutorial-2016-03-25/example/rootdir", path = "/rmaster02.txt", fpath = "/home/suyash/fuse-tutorial-2016-03-25/example/rootdir/rmaster02.txt"
    lstat returned 0
    si:
    st_dev = 2050
    st_ino = 20185177
    st_mode = 0100664
    st_nlink = 1
    st_uid = 1000
    st_gid = 1000
    st_rdev = 0
    st_size = 16384
    st_blksize = 4096
    st_blocks = 16
    st_atime = 0x580cfcaa
    st_mtime = 0x580cd32e
    st_ctime = 0x580cfca3

bb_open(path"/rmaster02.txt", fi=0x48edcd40)
    bb_fullpath:  rootdir = "/home/suyash/fuse-tutorial-2016-03-25/example/rootdir", path = "/rmaster02.txt", fpath = "/home/suyash/fuse-tutorial-2016-03-25/example/rootdir/rmaster02.txt"
    open returned 5
    fi:
    flags = 0x00008000
    fh_old = 0x00000000
    writepage = 0
    direct_io = 0
    keep_cache = 0
    fh = 0x0000000000000005
    lock_owner = 0x0000000000000000

bb_read(path="/rmaster02.txt", buf=0x34000c50, size=16384, offset=0, fi=0x437fdd40)
    fi:
    flags = 0x00008000
    fh_old = 0x00000005
    writepage = 0
    direct_io = 0
    keep_cache = 0
    fh = 0x0000000000000005
    lock_owner = 0x0000000000000000
    pread returned 132

* t*worr  Atitaheercroecfnkbda ,
* t*worr  Atitaheercroecfnkbda ,
* t*worr  Atitaheercroecfnkbda ,
* t*worr  Atitaheercroecfnkbda ,
    open returned 6
    pread returned 4096
    close returned 0
    open returned 6
    pread returned 4096
    close returned 0
    open returned 6
    pread returned 4096
    close returned 0
    open returned 6
    pread returned 4096
    close returned 0

bb_read(path="/rmaster02.txt", buf=0x3c000c50, size=4096, offset=16384, fi=0x43ffed40)
    fi:
    flags = 0x00008000
    fh_old = 0x00000005
    writepage = 0
    direct_io = 0
    keep_cache = 0
    fh = 0x0000000000000005
    lock_owner = 0x0000000000000000
    pread returned 132

bb_fgetattr(path="/rmaster02.txt", statbuf=0x42ffcc60, fi=0x42ffcd40)
    fi:
    flags = 0x00000000
    fh_old = 0x00000005
    writepage = 0
    direct_io = 0
    keep_cache = 0
    fh = 0x0000000000000005
    lock_owner = 0x0000000000000000
    si:
    st_dev = 2050
    st_ino = 20185177
    st_mode = 0100664
    st_nlink = 1
    st_uid = 1000
    st_gid = 1000
    st_rdev = 0
    st_size = 132
    st_blksize = 4096
    st_blocks = 8
    st_atime = 0x580cfcaa
    st_mtime = 0x580cd32e
    st_ctime = 0x580cfca3

bb_read(path="/rmaster02.txt", buf=0x44001c60, size=4096, offset=16384, fi=0x48edcd40)
    fi:
    flags = 0x00008000
    fh_old = 0x00000005
    writepage = 0
    direct_io = 0
    keep_cache = 0
    fh = 0x0000000000000005
    lock_owner = 0x0000000000000000
    pread returned 132

bb_fgetattr(path="/rmaster02.txt", statbuf=0x437fdc60, fi=0x437fdd40)
    fi:
    flags = 0x00000000
    fh_old = 0x00000005
    writepage = 0
    direct_io = 0
    keep_cache = 0
    fh = 0x0000000000000005
    lock_owner = 0x0000000000000000
    si:
    st_dev = 2050
    st_ino = 20185177
    st_mode = 0100664
    st_nlink = 1
    st_uid = 1000
    st_gid = 1000
    st_rdev = 0
    st_size = 132
    st_blksize = 4096
    st_blocks = 8
    st_atime = 0x580cfcaa
    st_mtime = 0x580cd32e
    st_ctime = 0x580cfca3

bb_flush(path="/rmaster02.txt", fi=0x43ffed40)
    fi:
    flags = 0x00000000
    fh_old = 0x00000005
    writepage = 0
    direct_io = 0
    keep_cache = 0
    fh = 0x0000000000000005
    lock_owner = 0xf8ebd094833b26ea

bb_release(path="/rmaster02.txt", fi=0x42ffcd40)
    fi:
    flags = 0x00008000
    fh_old = 0x00000005
    writepage = 0
    direct_io = 0
    keep_cache = 0
    fh = 0x0000000000000005
    lock_owner = 0x17ed100d8104022a
    close returned 0

bb_getattr(path="/bogus.txt", statbuf=0x48edcc90)
    bb_fullpath:  rootdir = "/home/suyash/fuse-tutorial-2016-03-25/example/rootdir", path = "/bogus.txt", fpath = "/home/suyash/fuse-tutorial-2016-03-25/example/rootdir/bogus.txt"
    lstat returned -1
    ERROR lstat: No such file or directory
    si:
    st_dev = 0
    st_ino = 0
    st_mode = 00
    st_nlink = 0
    st_uid = 0
    st_gid = 0
    st_rdev = 0
    st_size = 0
    st_blksize = 0
    st_blocks = 0
    st_atime = 0x00000000
    st_mtime = 0x00000000
    st_ctime = 0x00000000

bb_getattr(path="/a", statbuf=0x437fdc90)
    bb_fullpath:  rootdir = "/home/suyash/fuse-tutorial-2016-03-25/example/rootdir", path = "/a", fpath = "/home/suyash/fuse-tutorial-2016-03-25/example/rootdir/a"
    lstat returned -1
    ERROR lstat: No such file or directory
    si:
    st_dev = 0
    st_ino = 0
    st_mode = 00
    st_nlink = 0
    st_uid = 0
    st_gid = 0
    st_rdev = 0
    st_size = 0
    st_blksize = 0
    st_blocks = 0
    st_atime = 0x00000000
    st_mtime = 0x00000000
    st_ctime = 0x00000000

bb_getattr(path="/qmaster02.txt", statbuf=0x43ffec90)
    bb_fullpath:  rootdir = "/home/suyash/fuse-tutorial-2016-03-25/example/rootdir", path = "/qmaster02.txt", fpath = "/home/suyash/fuse-tutorial-2016-03-25/example/rootdir/qmaster02.txt"
    lstat returned 0
    si:
    st_dev = 2050
    st_ino = 20185176
    st_mode = 0100664
    st_nlink = 1
    st_uid = 1000
    st_gid = 1000
    st_rdev = 0
    st_size = 8192
    st_blksize = 4096
    st_blocks = 16
    st_atime = 0x580cfca5
    st_mtime = 0x580cc592
    st_ctime = 0x580cfca3

bb_getattr(path="/pmaster02.txt", statbuf=0x42ffcc90)
    bb_fullpath:  rootdir = "/home/suyash/fuse-tutorial-2016-03-25/example/rootdir", path = "/pmaster02.txt", fpath = "/home/suyash/fuse-tutorial-2016-03-25/example/rootdir/pmaster02.txt"
    lstat returned 0
    si:
    st_dev = 2050
    st_ino = 20185162
    st_mode = 0100664
    st_nlink = 1
    st_uid = 1000
    st_gid = 1000
    st_rdev = 0
    st_size = 4096
    st_blksize = 4096
    st_blocks = 16
    st_atime = 0x580cfca8
    st_mtime = 0x580c55c5
    st_ctime = 0x580cfca3

bb_getattr(path="/bogus.txt", statbuf=0x48edcc90)
    bb_fullpath:  rootdir = "/home/suyash/fuse-tutorial-2016-03-25/example/rootdir", path = "/bogus.txt", fpath = "/home/suyash/fuse-tutorial-2016-03-25/example/rootdir/bogus.txt"
    lstat returned -1
    ERROR lstat: No such file or directory
    si:
    st_dev = 0
    st_ino = 0
    st_mode = 00
    st_nlink = 0
    st_uid = 0
    st_gid = 0
    st_rdev = 0
    st_size = 0
    st_blksize = 0
    st_blocks = 0
    st_atime = 0x00000000
    st_mtime = 0x00000000
    st_ctime = 0x00000000

bb_getattr(path="/a", statbuf=0x437fdc90)
    bb_fullpath:  rootdir = "/home/suyash/fuse-tutorial-2016-03-25/example/rootdir", path = "/a", fpath = "/home/suyash/fuse-tutorial-2016-03-25/example/rootdir/a"
    lstat returned -1
    ERROR lstat: No such file or directory
    si:
    st_dev = 0
    st_ino = 0
    st_mode = 00
    st_nlink = 0
    st_uid = 0
    st_gid = 0
    st_rdev = 0
    st_size = 0
    st_blksize = 0
    st_blocks = 0
    st_atime = 0x00000000
    st_mtime = 0x00000000
    st_ctime = 0x00000000

bb_open(path"/qmaster02.txt", fi=0x43ffed40)
    bb_fullpath:  rootdir = "/home/suyash/fuse-tutorial-2016-03-25/example/rootdir", path = "/qmaster02.txt", fpath = "/home/suyash/fuse-tutorial-2016-03-25/example/rootdir/qmaster02.txt"
    open returned 5
    fi:
    flags = 0x00008000
    fh_old = 0x00000000
    writepage = 0
    direct_io = 0
    keep_cache = 0
    fh = 0x0000000000000005
    lock_owner = 0x0000000000000000

bb_read(path="/qmaster02.txt", buf=0x38000af0, size=8192, offset=0, fi=0x42ffcd40)
    fi:
    flags = 0x00008000
    fh_old = 0x00000005
    writepage = 0
    direct_io = 0
    keep_cache = 0
    fh = 0x0000000000000005
    lock_owner = 0x0000000000000000
    pread returned 66

* t*worr  Atitaheercroecfnkbda ,
* t*worr  Atitaheercroecfnkbda ,
    open returned 6
    pread returned 4096
    close returned 0
    open returned 6
    pread returned 4096
    close returned 0

bb_read(path="/qmaster02.txt", buf=0x44001c60, size=4096, offset=8192, fi=0x48edcd40)
    fi:
    flags = 0x00008000
    fh_old = 0x00000005
    writepage = 0
    direct_io = 0
    keep_cache = 0
    fh = 0x0000000000000005
    lock_owner = 0x0000000000000000
    pread returned 66

bb_fgetattr(path="/qmaster02.txt", statbuf=0x437fdc60, fi=0x437fdd40)
    fi:
    flags = 0x00000000
    fh_old = 0x00000005
    writepage = 0
    direct_io = 0
    keep_cache = 0
    fh = 0x0000000000000005
    lock_owner = 0x0000000000000000
    si:
    st_dev = 2050
    st_ino = 20185176
    st_mode = 0100664
    st_nlink = 1
    st_uid = 1000
    st_gid = 1000
    st_rdev = 0
    st_size = 66
    st_blksize = 4096
    st_blocks = 8
    st_atime = 0x580cfca5
    st_mtime = 0x580cc592
    st_ctime = 0x580cfca3

bb_read(path="/qmaster02.txt", buf=0x3c000c50, size=4096, offset=8192, fi=0x43ffed40)
    fi:
    flags = 0x00008000
    fh_old = 0x00000005
    writepage = 0
    direct_io = 0
    keep_cache = 0
    fh = 0x0000000000000005
    lock_owner = 0x0000000000000000
    pread returned 66

bb_fgetattr(path="/qmaster02.txt", statbuf=0x42ffcc60, fi=0x42ffcd40)
    fi:
    flags = 0x00000000
    fh_old = 0x00000005
    writepage = 0
    direct_io = 0
    keep_cache = 0
    fh = 0x0000000000000005
    lock_owner = 0x0000000000000000
    si:
    st_dev = 2050
    st_ino = 20185176
    st_mode = 0100664
    st_nlink = 1
    st_uid = 1000
    st_gid = 1000
    st_rdev = 0
    st_size = 66
    st_blksize = 4096
    st_blocks = 8
    st_atime = 0x580cfca5
    st_mtime = 0x580cc592
    st_ctime = 0x580cfca3

bb_flush(path="/qmaster02.txt", fi=0x48edcd40)
    fi:
    flags = 0x00000000
    fh_old = 0x00000005
    writepage = 0
    direct_io = 0
    keep_cache = 0
    fh = 0x0000000000000005
    lock_owner = 0xf8ebd094833b26ea

bb_release(path="/qmaster02.txt", fi=0x437fdd40)
    fi:
    flags = 0x00008000
    fh_old = 0x00000005
    writepage = 0
    direct_io = 0
    keep_cache = 0
    fh = 0x0000000000000005
    lock_owner = 0x0000000000000000
    close returned 0

bb_getattr(path="/bogus.txt", statbuf=0x43ffec90)
    bb_fullpath:  rootdir = "/home/suyash/fuse-tutorial-2016-03-25/example/rootdir", path = "/bogus.txt", fpath = "/home/suyash/fuse-tutorial-2016-03-25/example/rootdir/bogus.txt"
    lstat returned -1
    ERROR lstat: No such file or directory
    si:
    st_dev = 0
    st_ino = 0
    st_mode = 00
    st_nlink = 0
    st_uid = 0
    st_gid = 0
    st_rdev = 0
    st_size = 0
    st_blksize = 0
    st_blocks = 0
    st_atime = 0x00000000
    st_mtime = 0x00000000
    st_ctime = 0x00000000

bb_getattr(path="/a", statbuf=0x42ffcc90)
    bb_fullpath:  rootdir = "/home/suyash/fuse-tutorial-2016-03-25/example/rootdir", path = "/a", fpath = "/home/suyash/fuse-tutorial-2016-03-25/example/rootdir/a"
    lstat returned -1
    ERROR lstat: No such file or directory
    si:
    st_dev = 0
    st_ino = 0
    st_mode = 00
    st_nlink = 0
    st_uid = 0
    st_gid = 0
    st_rdev = 0
    st_size = 0
    st_blksize = 0
    st_blocks = 0
    st_atime = 0x00000000
    st_mtime = 0x00000000
    st_ctime = 0x00000000

bb_getattr(path="/rmaster02.txt", statbuf=0x48edcc90)
    bb_fullpath:  rootdir = "/home/suyash/fuse-tutorial-2016-03-25/example/rootdir", path = "/rmaster02.txt", fpath = "/home/suyash/fuse-tutorial-2016-03-25/example/rootdir/rmaster02.txt"
    lstat returned 0
    si:
    st_dev = 2050
    st_ino = 20185177
    st_mode = 0100664
    st_nlink = 1
    st_uid = 1000
    st_gid = 1000
    st_rdev = 0
    st_size = 16384
    st_blksize = 4096
    st_blocks = 16
    st_atime = 0x580cfcaa
    st_mtime = 0x580cd32e
    st_ctime = 0x580cfca3

bb_getattr(path="/qmaster02.txt", statbuf=0x437fdc90)
    bb_fullpath:  rootdir = "/home/suyash/fuse-tutorial-2016-03-25/example/rootdir", path = "/qmaster02.txt", fpath = "/home/suyash/fuse-tutorial-2016-03-25/example/rootdir/qmaster02.txt"
    lstat returned 0
    si:
    st_dev = 2050
    st_ino = 20185176
    st_mode = 0100664
    st_nlink = 1
    st_uid = 1000
    st_gid = 1000
    st_rdev = 0
    st_size = 8192
    st_blksize = 4096
    st_blocks = 16
    st_atime = 0x580cfca5
    st_mtime = 0x580cc592
    st_ctime = 0x580cfca3

bb_getattr(path="/pmaster02.txt", statbuf=0x43ffec90)
    bb_fullpath:  rootdir = "/home/suyash/fuse-tutorial-2016-03-25/example/rootdir", path = "/pmaster02.txt", fpath = "/home/suyash/fuse-tutorial-2016-03-25/example/rootdir/pmaster02.txt"
    lstat returned 0
    si:
    st_dev = 2050
    st_ino = 20185162
    st_mode = 0100664
    st_nlink = 1
    st_uid = 1000
    st_gid = 1000
    st_rdev = 0
    st_size = 4096
    st_blksize = 4096
    st_blocks = 16
    st_atime = 0x580cfca8
    st_mtime = 0x580c55c5
    st_ctime = 0x580cfca3

bb_getattr(path="/bogus.txt", statbuf=0x42ffcc90)
    bb_fullpath:  rootdir = "/home/suyash/fuse-tutorial-2016-03-25/example/rootdir", path = "/bogus.txt", fpath = "/home/suyash/fuse-tutorial-2016-03-25/example/rootdir/bogus.txt"
    lstat returned -1
    ERROR lstat: No such file or directory
    si:
    st_dev = 0
    st_ino = 0
    st_mode = 00
    st_nlink = 0
    st_uid = 0
    st_gid = 0
    st_rdev = 0
    st_size = 0
    st_blksize = 0
    st_blocks = 0
    st_atime = 0x00000000
    st_mtime = 0x00000000
    st_ctime = 0x00000000

bb_getattr(path="/a", statbuf=0x48edcc90)
    bb_fullpath:  rootdir = "/home/suyash/fuse-tutorial-2016-03-25/example/rootdir", path = "/a", fpath = "/home/suyash/fuse-tutorial-2016-03-25/example/rootdir/a"
    lstat returned -1
    ERROR lstat: No such file or directory
    si:
    st_dev = 0
    st_ino = 0
    st_mode = 00
    st_nlink = 0
    st_uid = 0
    st_gid = 0
    st_rdev = 0
    st_size = 0
    st_blksize = 0
    st_blocks = 0
    st_atime = 0x00000000
    st_mtime = 0x00000000
    st_ctime = 0x00000000

bb_getattr(path="/", statbuf=0x437fdc60)
    bb_fullpath:  rootdir = "/home/suyash/fuse-tutorial-2016-03-25/example/rootdir", path = "/", fpath = "/home/suyash/fuse-tutorial-2016-03-25/example/rootdir/"
    lstat returned 0
    si:
    st_dev = 2050
    st_ino = 20185161
    st_mode = 040775
    st_nlink = 2
    st_uid = 1000
    st_gid = 1000
    st_rdev = 0
    st_size = 508400
    st_blksize = 4096
    st_blocks = 16
    st_atime = 0x580cfcac
    st_mtime = 0x580cfca3
    st_ctime = 0x580cfca3

bb_access(path="/", mask=04)
    bb_fullpath:  rootdir = "/home/suyash/fuse-tutorial-2016-03-25/example/rootdir", path = "/", fpath = "/home/suyash/fuse-tutorial-2016-03-25/example/rootdir/"

bb_access(path="/", mask=02)
    bb_fullpath:  rootdir = "/home/suyash/fuse-tutorial-2016-03-25/example/rootdir", path = "/", fpath = "/home/suyash/fuse-tutorial-2016-03-25/example/rootdir/"

bb_access(path="/", mask=01)
    bb_fullpath:  rootdir = "/home/suyash/fuse-tutorial-2016-03-25/example/rootdir", path = "/", fpath = "/home/suyash/fuse-tutorial-2016-03-25/example/rootdir/"

bb_getattr(path="/bogus.txt", statbuf=0x437fdc90)
    bb_fullpath:  rootdir = "/home/suyash/fuse-tutorial-2016-03-25/example/rootdir", path = "/bogus.txt", fpath = "/home/suyash/fuse-tutorial-2016-03-25/example/rootdir/bogus.txt"
    lstat returned -1
    ERROR lstat: No such file or directory
    si:
    st_dev = 0
    st_ino = 0
    st_mode = 00
    st_nlink = 0
    st_uid = 0
    st_gid = 0
    st_rdev = 0
    st_size = 0
    st_blksize = 0
    st_blocks = 0
    st_atime = 0x00000000
    st_mtime = 0x00000000
    st_ctime = 0x00000000

bb_getattr(path="/a", statbuf=0x43ffec90)
    bb_fullpath:  rootdir = "/home/suyash/fuse-tutorial-2016-03-25/example/rootdir", path = "/a", fpath = "/home/suyash/fuse-tutorial-2016-03-25/example/rootdir/a"
    lstat returned -1
    ERROR lstat: No such file or directory
    si:
    st_dev = 0
    st_ino = 0
    st_mode = 00
    st_nlink = 0
    st_uid = 0
    st_gid = 0
    st_rdev = 0
    st_size = 0
    st_blksize = 0
    st_blocks = 0
    st_atime = 0x00000000
    st_mtime = 0x00000000
    st_ctime = 0x00000000

bb_getattr(path="/rmaster02.txt", statbuf=0x42ffcc90)
    bb_fullpath:  rootdir = "/home/suyash/fuse-tutorial-2016-03-25/example/rootdir", path = "/rmaster02.txt", fpath = "/home/suyash/fuse-tutorial-2016-03-25/example/rootdir/rmaster02.txt"
    lstat returned 0
    si:
    st_dev = 2050
    st_ino = 20185177
    st_mode = 0100664
    st_nlink = 1
    st_uid = 1000
    st_gid = 1000
    st_rdev = 0
    st_size = 16384
    st_blksize = 4096
    st_blocks = 16
    st_atime = 0x580cfcaa
    st_mtime = 0x580cd32e
    st_ctime = 0x580cfca3

bb_getattr(path="/qmaster02.txt", statbuf=0x48edcc90)
    bb_fullpath:  rootdir = "/home/suyash/fuse-tutorial-2016-03-25/example/rootdir", path = "/qmaster02.txt", fpath = "/home/suyash/fuse-tutorial-2016-03-25/example/rootdir/qmaster02.txt"
    lstat returned 0
    si:
    st_dev = 2050
    st_ino = 20185176
    st_mode = 0100664
    st_nlink = 1
    st_uid = 1000
    st_gid = 1000
    st_rdev = 0
    st_size = 8192
    st_blksize = 4096
    st_blocks = 16
    st_atime = 0x580cfca5
    st_mtime = 0x580cc592
    st_ctime = 0x580cfca3

bb_getattr(path="/pmaster02.txt", statbuf=0x437fdc90)
    bb_fullpath:  rootdir = "/home/suyash/fuse-tutorial-2016-03-25/example/rootdir", path = "/pmaster02.txt", fpath = "/home/suyash/fuse-tutorial-2016-03-25/example/rootdir/pmaster02.txt"
    lstat returned 0
    si:
    st_dev = 2050
    st_ino = 20185162
    st_mode = 0100664
    st_nlink = 1
    st_uid = 1000
    st_gid = 1000
    st_rdev = 0
    st_size = 4096
    st_blksize = 4096
    st_blocks = 16
    st_atime = 0x580cfca8
    st_mtime = 0x580c55c5
    st_ctime = 0x580cfca3

bb_getattr(path="/bogus.txt", statbuf=0x43ffec90)
    bb_fullpath:  rootdir = "/home/suyash/fuse-tutorial-2016-03-25/example/rootdir", path = "/bogus.txt", fpath = "/home/suyash/fuse-tutorial-2016-03-25/example/rootdir/bogus.txt"
    lstat returned -1
    ERROR lstat: No such file or directory
    si:
    st_dev = 0
    st_ino = 0
    st_mode = 00
    st_nlink = 0
    st_uid = 0
    st_gid = 0
    st_rdev = 0
    st_size = 0
    st_blksize = 0
    st_blocks = 0
    st_atime = 0x00000000
    st_mtime = 0x00000000
    st_ctime = 0x00000000

bb_getattr(path="/a", statbuf=0x42ffcc90)
    bb_fullpath:  rootdir = "/home/suyash/fuse-tutorial-2016-03-25/example/rootdir", path = "/a", fpath = "/home/suyash/fuse-tutorial-2016-03-25/example/rootdir/a"
    lstat returned -1
    ERROR lstat: No such file or directory
    si:
    st_dev = 0
    st_ino = 0
    st_mode = 00
    st_nlink = 0
    st_uid = 0
    st_gid = 0
    st_rdev = 0
    st_size = 0
    st_blksize = 0
    st_blocks = 0
    st_atime = 0x00000000
    st_mtime = 0x00000000
    st_ctime = 0x00000000

bb_getattr(path="/", statbuf=0x48edcc60)
    bb_fullpath:  rootdir = "/home/suyash/fuse-tutorial-2016-03-25/example/rootdir", path = "/", fpath = "/home/suyash/fuse-tutorial-2016-03-25/example/rootdir/"
    lstat returned 0
    si:
    st_dev = 2050
    st_ino = 20185161
    st_mode = 040775
    st_nlink = 2
    st_uid = 1000
    st_gid = 1000
    st_rdev = 0
    st_size = 508400
    st_blksize = 4096
    st_blocks = 16
    st_atime = 0x580cfcac
    st_mtime = 0x580cfca3
    st_ctime = 0x580cfca3

bb_access(path="/", mask=04)
    bb_fullpath:  rootdir = "/home/suyash/fuse-tutorial-2016-03-25/example/rootdir", path = "/", fpath = "/home/suyash/fuse-tutorial-2016-03-25/example/rootdir/"

bb_access(path="/", mask=02)
    bb_fullpath:  rootdir = "/home/suyash/fuse-tutorial-2016-03-25/example/rootdir", path = "/", fpath = "/home/suyash/fuse-tutorial-2016-03-25/example/rootdir/"

bb_access(path="/", mask=01)
    bb_fullpath:  rootdir = "/home/suyash/fuse-tutorial-2016-03-25/example/rootdir", path = "/", fpath = "/home/suyash/fuse-tutorial-2016-03-25/example/rootdir/"

bb_opendir(path="/", fi=0x48edcc80)
    bb_fullpath:  rootdir = "/home/suyash/fuse-tutorial-2016-03-25/example/rootdir", path = "/", fpath = "/home/suyash/fuse-tutorial-2016-03-25/example/rootdir/"
    opendir returned 0x0x7fbc44001d70
    fi:
    flags = 0x00018800
    fh_old = 0x00000000
    writepage = 0
    direct_io = 0
    keep_cache = 0
    fh = 0x00007fbc44001d70
    lock_owner = 0x0000000000000000

bb_access(path="/", mask=02)
    bb_fullpath:  rootdir = "/home/suyash/fuse-tutorial-2016-03-25/example/rootdir", path = "/", fpath = "/home/suyash/fuse-tutorial-2016-03-25/example/rootdir/"

bb_getattr(path="/.Trash", statbuf=0x43ffec90)
    bb_fullpath:  rootdir = "/home/suyash/fuse-tutorial-2016-03-25/example/rootdir", path = "/.Trash", fpath = "/home/suyash/fuse-tutorial-2016-03-25/example/rootdir/.Trash"
    lstat returned -1
    ERROR lstat: No such file or directory
    si:
    st_dev = 0
    st_ino = 0
    st_mode = 00
    st_nlink = 0
    st_uid = 0
    st_gid = 0
    st_rdev = 0
    st_size = 0
    st_blksize = 0
    st_blocks = 0
    st_atime = 0x00000000
    st_mtime = 0x00000000
    st_ctime = 0x00000000

bb_getattr(path="/.Trash-1000", statbuf=0x42ffcc90)
    bb_fullpath:  rootdir = "/home/suyash/fuse-tutorial-2016-03-25/example/rootdir", path = "/.Trash-1000", fpath = "/home/suyash/fuse-tutorial-2016-03-25/example/rootdir/.Trash-1000"
    lstat returned -1
    ERROR lstat: No such file or directory
    si:
    st_dev = 0
    st_ino = 0
    st_mode = 00
    st_nlink = 0
    st_uid = 0
    st_gid = 0
    st_rdev = 0
    st_size = 0
    st_blksize = 0
    st_blocks = 0
    st_atime = 0x00000000
    st_mtime = 0x00000000
    st_ctime = 0x00000000

bb_access(path="/", mask=02)
    bb_fullpath:  rootdir = "/home/suyash/fuse-tutorial-2016-03-25/example/rootdir", path = "/", fpath = "/home/suyash/fuse-tutorial-2016-03-25/example/rootdir/"

bb_readdir(path="/", buf=0x44001b00, filler=0x496cfce0, offset=0, fi=0x437fdc80)
    readdir returned 0x0x7fbc44001da0
calling filler with name qmaster02.txt
calling filler with name rmaster02.txt
calling filler with name ..
calling filler with name pmaster02.txt
calling filler with name .
    fi:
    flags = 0x00000000
    fh_old = 0x7fbc44001d70
    writepage = 0
    direct_io = 0
    keep_cache = 0
    fh = 0x00007fbc44001d70
    lock_owner = 0x0000000000000000

bb_getattr(path="/qmaster02.txt", statbuf=0x42ffcc90)
    bb_fullpath:  rootdir = "/home/suyash/fuse-tutorial-2016-03-25/example/rootdir", path = "/qmaster02.txt", fpath = "/home/suyash/fuse-tutorial-2016-03-25/example/rootdir/qmaster02.txt"
    lstat returned 0
    si:
    st_dev = 2050
    st_ino = 20185176
    st_mode = 0100664
    st_nlink = 1
    st_uid = 1000
    st_gid = 1000
    st_rdev = 0
    st_size = 8192
    st_blksize = 4096
    st_blocks = 16
    st_atime = 0x580cfca5
    st_mtime = 0x580cc592
    st_ctime = 0x580cfca3

bb_getattr(path="/.hidden", statbuf=0x48edcc90)
    bb_fullpath:  rootdir = "/home/suyash/fuse-tutorial-2016-03-25/example/rootdir", path = "/.hidden", fpath = "/home/suyash/fuse-tutorial-2016-03-25/example/rootdir/.hidden"
    lstat returned -1
    ERROR lstat: No such file or directory
    si:
    st_dev = 0
    st_ino = 0
    st_mode = 00
    st_nlink = 0
    st_uid = 0
    st_gid = 0
    st_rdev = 0
    st_size = 0
    st_blksize = 0
    st_blocks = 0
    st_atime = 0x00000000
    st_mtime = 0x00000000
    st_ctime = 0x00000000

bb_access(path="/qmaster02.txt", mask=04)
    bb_fullpath:  rootdir = "/home/suyash/fuse-tutorial-2016-03-25/example/rootdir", path = "/qmaster02.txt", fpath = "/home/suyash/fuse-tutorial-2016-03-25/example/rootdir/qmaster02.txt"

bb_access(path="/qmaster02.txt", mask=02)
    bb_fullpath:  rootdir = "/home/suyash/fuse-tutorial-2016-03-25/example/rootdir", path = "/qmaster02.txt", fpath = "/home/suyash/fuse-tutorial-2016-03-25/example/rootdir/qmaster02.txt"

bb_access(path="/qmaster02.txt", mask=01)
    bb_fullpath:  rootdir = "/home/suyash/fuse-tutorial-2016-03-25/example/rootdir", path = "/qmaster02.txt", fpath = "/home/suyash/fuse-tutorial-2016-03-25/example/rootdir/qmaster02.txt"
    ERROR bb_access access: Permission denied

bb_getattr(path="/", statbuf=0x48edcc60)
    bb_fullpath:  rootdir = "/home/suyash/fuse-tutorial-2016-03-25/example/rootdir", path = "/", fpath = "/home/suyash/fuse-tutorial-2016-03-25/example/rootdir/"
    lstat returned 0
    si:
    st_dev = 2050
    st_ino = 20185161
    st_mode = 040775
    st_nlink = 2
    st_uid = 1000
    st_gid = 1000
    st_rdev = 0
    st_size = 508400
    st_blksize = 4096
    st_blocks = 16
    st_atime = 0x580cfcac
    st_mtime = 0x580cfca3
    st_ctime = 0x580cfca3

bb_getattr(path="/rmaster02.txt", statbuf=0x437fdc90)
    bb_fullpath:  rootdir = "/home/suyash/fuse-tutorial-2016-03-25/example/rootdir", path = "/rmaster02.txt", fpath = "/home/suyash/fuse-tutorial-2016-03-25/example/rootdir/rmaster02.txt"
    lstat returned 0
    si:
    st_dev = 2050
    st_ino = 20185177
    st_mode = 0100664
    st_nlink = 1
    st_uid = 1000
    st_gid = 1000
    st_rdev = 0
    st_size = 16384
    st_blksize = 4096
    st_blocks = 16
    st_atime = 0x580cfcaa
    st_mtime = 0x580cd32e
    st_ctime = 0x580cfca3

bb_access(path="/rmaster02.txt", mask=04)
    bb_fullpath:  rootdir = "/home/suyash/fuse-tutorial-2016-03-25/example/rootdir", path = "/rmaster02.txt", fpath = "/home/suyash/fuse-tutorial-2016-03-25/example/rootdir/rmaster02.txt"

bb_access(path="/rmaster02.txt", mask=02)
    bb_fullpath:  rootdir = "/home/suyash/fuse-tutorial-2016-03-25/example/rootdir", path = "/rmaster02.txt", fpath = "/home/suyash/fuse-tutorial-2016-03-25/example/rootdir/rmaster02.txt"

bb_access(path="/rmaster02.txt", mask=01)
    bb_fullpath:  rootdir = "/home/suyash/fuse-tutorial-2016-03-25/example/rootdir", path = "/rmaster02.txt", fpath = "/home/suyash/fuse-tutorial-2016-03-25/example/rootdir/rmaster02.txt"
    ERROR bb_access access: Permission denied

bb_getattr(path="/pmaster02.txt", statbuf=0x437fdc90)
    bb_fullpath:  rootdir = "/home/suyash/fuse-tutorial-2016-03-25/example/rootdir", path = "/pmaster02.txt", fpath = "/home/suyash/fuse-tutorial-2016-03-25/example/rootdir/pmaster02.txt"
    lstat returned 0
    si:
    st_dev = 2050
    st_ino = 20185162
    st_mode = 0100664
    st_nlink = 1
    st_uid = 1000
    st_gid = 1000
    st_rdev = 0
    st_size = 4096
    st_blksize = 4096
    st_blocks = 16
    st_atime = 0x580cfca8
    st_mtime = 0x580c55c5
    st_ctime = 0x580cfca3

bb_access(path="/pmaster02.txt", mask=04)
    bb_fullpath:  rootdir = "/home/suyash/fuse-tutorial-2016-03-25/example/rootdir", path = "/pmaster02.txt", fpath = "/home/suyash/fuse-tutorial-2016-03-25/example/rootdir/pmaster02.txt"

bb_access(path="/pmaster02.txt", mask=02)
    bb_fullpath:  rootdir = "/home/suyash/fuse-tutorial-2016-03-25/example/rootdir", path = "/pmaster02.txt", fpath = "/home/suyash/fuse-tutorial-2016-03-25/example/rootdir/pmaster02.txt"

bb_access(path="/pmaster02.txt", mask=01)
    bb_fullpath:  rootdir = "/home/suyash/fuse-tutorial-2016-03-25/example/rootdir", path = "/pmaster02.txt", fpath = "/home/suyash/fuse-tutorial-2016-03-25/example/rootdir/pmaster02.txt"
    ERROR bb_access access: Permission denied

bb_releasedir(path="/", fi=0x43ffec90)
    fi:
    flags = 0x00000000
    fh_old = 0x7fbc44001d70
    writepage = 0
    direct_io = 0
    keep_cache = 0
    fh = 0x00007fbc44001d70
    lock_owner = 0x0000000000000000

bb_open(path"/qmaster02.txt", fi=0x42ffcd40)
    bb_fullpath:  rootdir = "/home/suyash/fuse-tutorial-2016-03-25/example/rootdir", path = "/qmaster02.txt", fpath = "/home/suyash/fuse-tutorial-2016-03-25/example/rootdir/qmaster02.txt"
    open returned 5
    fi:
    flags = 0x00008000
    fh_old = 0x00000000
    writepage = 0
    direct_io = 0
    keep_cache = 0
    fh = 0x0000000000000005
    lock_owner = 0x0000000000000000

bb_read(path="/qmaster02.txt", buf=0x44001ce0, size=8192, offset=0, fi=0x48edcd40)
    fi:
    flags = 0x00008000
    fh_old = 0x00000005
    writepage = 0
    direct_io = 0
    keep_cache = 0
    fh = 0x0000000000000005
    lock_owner = 0x0000000000000000
    pread returned 66

* t*worr  Atitaheercroecfnkbda ,
* t*worr  Atitaheercroecfnkbda ,
    open returned 6
    pread returned 4096
    close returned 0
    open returned 6
    pread returned 4096
    close returned 0

bb_read(path="/qmaster02.txt", buf=0x34000c50, size=4096, offset=8192, fi=0x437fdd40)
    fi:
    flags = 0x00008000
    fh_old = 0x00000005
    writepage = 0
    direct_io = 0
    keep_cache = 0
    fh = 0x0000000000000005
    lock_owner = 0x0000000000000000
    pread returned 66

bb_fgetattr(path="/qmaster02.txt", statbuf=0x43ffec60, fi=0x43ffed40)
    fi:
    flags = 0x00000000
    fh_old = 0x00000005
    writepage = 0
    direct_io = 0
    keep_cache = 0
    fh = 0x0000000000000005
    lock_owner = 0x0000000000000000
    si:
    st_dev = 2050
    st_ino = 20185176
    st_mode = 0100664
    st_nlink = 1
    st_uid = 1000
    st_gid = 1000
    st_rdev = 0
    st_size = 66
    st_blksize = 4096
    st_blocks = 8
    st_atime = 0x580cfca5
    st_mtime = 0x580cc592
    st_ctime = 0x580cfca3
